GROUP,PACKAGE,CLASS,INSTRUCTION_MISSED,INSTRUCTION_COVERED,BRANCH_MISSED,BRANCH_COVERED,LINE_MISSED,LINE_COVERED,COMPLEXITY_MISSED,COMPLEXITY_COVERED,METHOD_MISSED,METHOD_COVERED
javaparser-symbol-solver-testing,com.github.javaparser.symbolsolver.resolution.typesolvers,TypeSolverBuilder,0,152,0,4,0,35,0,17,0,15
javaparser-symbol-solver-testing,com.github.javaparser.symbolsolver.resolution.typesolvers,MemoryTypeSolver,36,105,10,16,1,23,9,12,1,7
javaparser-symbol-solver-testing,com.github.javaparser.symbolsolver.resolution.typesolvers,ReflectionTypeSolver,0,27,0,6,0,6,0,6,0,3
javaparser-symbol-solver-testing,com.github.javaparser.symbolsolver.resolution.typesolvers,JarTypeSolver,42,261,2,20,5,65,3,23,1,14
javaparser-symbol-solver-testing,com.github.javaparser.symbolsolver.resolution.typesolvers,CombinedTypeSolver.ExceptionHandlers,3,93,0,8,1,15,1,11,1,7
javaparser-symbol-solver-testing,com.github.javaparser.symbolsolver.resolution.typesolvers,JavaParserTypeSolver,137,425,14,38,26,96,14,32,3,17
javaparser-symbol-solver-testing,com.github.javaparser.symbolsolver.resolution.typesolvers,CombinedTypeSolver,0,180,0,18,0,55,0,21,0,12
javaparser-symbol-solver-testing,com.github.javaparser.symbolsolver.resolution.typesolvers,ClassLoaderTypeSolver,5,111,1,11,1,33,1,12,0,7
javaparser-symbol-solver-testing,com.github.javaparser.symbolsolver.resolution.typesolvers,AarTypeSolver,13,56,1,3,1,16,1,7,0,6
javaparser-symbol-solver-testing,com.github.javaparser.resolution.model.typesystem,ReferenceTypeImpl,52,365,14,56,12,83,16,40,5,16
javaparser-symbol-solver-testing,com.github.javaparser.resolution.model.typesystem,LazyType,20,81,0,2,5,20,5,17,5,16
javaparser-symbol-solver-testing,com.github.javaparser.resolution.model.typesystem,NullType,0,20,0,0,0,7,0,7,0,7
javaparser-symbol-solver-testing,com.github.javaparser.symbolsolver.resolution.typeinference.bounds,CapturesBound,85,0,8,0,17,0,12,0,8,0
javaparser-symbol-solver-testing,com.github.javaparser.symbolsolver.resolution.typeinference.bounds,SameAsBound,105,51,14,8,19,9,17,4,8,2
javaparser-symbol-solver-testing,com.github.javaparser.symbolsolver.resolution.typeinference.bounds,ThrowsBound,65,0,6,0,14,0,10,0,7,0
javaparser-symbol-solver-testing,com.github.javaparser.symbolsolver.resolution.typeinference.bounds,FalseBound,13,0,0,0,5,0,5,0,5,0
javaparser-symbol-solver-testing,com.github.javaparser.symbolsolver.resolution.typeinference.bounds,SubtypeOfBound,96,66,13,11,17,12,16,7,7,4
javaparser-symbol-solver-testing,com.github.javaparser.ast.type,PrimitiveType.Primitive,4,156,0,4,1,21,1,8,1,6
javaparser-symbol-solver-testing,com.github.javaparser.ast.type,UnknownType,40,30,1,1,11,11,10,6,9,6
javaparser-symbol-solver-testing,com.github.javaparser.ast.type,ArrayType.ArrayBracketPair,0,49,0,0,0,15,0,7,0,7
javaparser-symbol-solver-testing,com.github.javaparser.ast.type,PrimitiveType,90,93,1,3,23,22,19,12,18,11
javaparser-symbol-solver-testing,com.github.javaparser.ast.type,TypeParameter,206,87,18,4,41,27,27,9,16,9
javaparser-symbol-solver-testing,com.github.javaparser.ast.type,ReferenceType,33,7,0,0,11,3,8,1,8,1
javaparser-symbol-solver-testing,com.github.javaparser.ast.type,ArrayType,77,249,10,16,22,52,18,21,10,16
javaparser-symbol-solver-testing,com.github.javaparser.ast.type,UnionType,116,75,14,2,28,21,19,9,11,9
javaparser-symbol-solver-testing,com.github.javaparser.ast.type,WildcardType,176,146,26,14,45,36,32,15,16,11
javaparser-symbol-solver-testing,com.github.javaparser.ast.type,VarType,48,134,7,13,13,37,17,12,10,9
javaparser-symbol-solver-testing,com.github.javaparser.ast.type,Type,344,50,14,2,65,17,58,7,50,7
javaparser-symbol-solver-testing,com.github.javaparser.ast.type,VoidType,20,39,0,0,7,13,6,9,6,9
javaparser-symbol-solver-testing,com.github.javaparser.ast.type,IntersectionType,172,0,16,0,44,0,26,0,18,0
javaparser-symbol-solver-testing,com.github.javaparser.ast.type,ArrayType.Origin,0,24,0,0,0,3,0,1,0,1
javaparser-symbol-solver-testing,com.github.javaparser.ast.type,ClassOrInterfaceType,215,287,32,14,49,60,31,27,13,22
javaparser-symbol-solver-testing,com.github.javaparser.ast.validator.language_level_validations,Java12Validator,0,3,0,0,0,2,0,1,0,1
javaparser-symbol-solver-testing,com.github.javaparser.ast.validator.language_level_validations,Java14Validator,0,32,0,0,0,7,0,1,0,1
javaparser-symbol-solver-testing,com.github.javaparser.ast.validator.language_level_validations,Java9Validator,10,56,3,3,1,11,2,3,0,2
javaparser-symbol-solver-testing,com.github.javaparser.ast.validator.language_level_validations,Java17Validator,0,3,0,0,0,2,0,1,0,1
javaparser-symbol-solver-testing,com.github.javaparser.ast.validator.language_level_validations,Java10PreviewValidator,0,3,0,0,0,2,0,1,0,1
javaparser-symbol-solver-testing,com.github.javaparser.ast.validator.language_level_validations,Java13PreviewValidator,0,23,0,0,0,6,0,1,0,1
javaparser-symbol-solver-testing,com.github.javaparser.ast.validator.language_level_validations,Java16PreviewValidator,0,3,0,0,0,2,0,1,0,1
javaparser-symbol-solver-testing,com.github.javaparser.ast.validator.language_level_validations,Java1_4Validator,0,8,0,0,0,3,0,1,0,1
javaparser-symbol-solver-testing,com.github.javaparser.ast.validator.language_level_validations,Java10Validator,0,18,0,0,0,4,0,1,0,1
javaparser-symbol-solver-testing,com.github.javaparser.ast.validator.language_level_validations,Java6Validator,0,3,0,0,0,2,0,1,0,1
javaparser-symbol-solver-testing,com.github.javaparser.ast.validator.language_level_validations,Java16Validator,0,23,0,0,0,6,0,1,0,1
javaparser-symbol-solver-testing,com.github.javaparser.ast.validator.language_level_validations,Java5Validator,45,107,8,4,7,24,6,6,1,5
javaparser-symbol-solver-testing,com.github.javaparser.ast.validator.language_level_validations,Java1_1Validator,6,36,1,3,1,7,1,4,0,3
javaparser-symbol-solver-testing,com.github.javaparser.ast.validator.language_level_validations,Java15PreviewValidator,0,23,0,0,0,6,0,1,0,1
javaparser-symbol-solver-testing,com.github.javaparser.ast.validator.language_level_validations,Java11PreviewValidator,0,3,0,0,0,2,0,1,0,1
javaparser-symbol-solver-testing,com.github.javaparser.ast.validator.language_level_validations,Java17PreviewValidator,0,3,0,0,0,2,0,1,0,1
javaparser-symbol-solver-testing,com.github.javaparser.ast.validator.language_level_validations,Java14PreviewValidator,0,28,0,0,0,7,0,1,0,1
javaparser-symbol-solver-testing,com.github.javaparser.ast.validator.language_level_validations,Java8Validator,6,52,1,5,1,12,1,5,0,3
javaparser-symbol-solver-testing,com.github.javaparser.ast.validator.language_level_validations,Java13Validator,0,3,0,0,0,2,0,1,0,1
javaparser-symbol-solver-testing,com.github.javaparser.ast.validator.language_level_validations,Java11Validator,0,20,0,0,0,4,0,1,0,1
javaparser-symbol-solver-testing,com.github.javaparser.ast.validator.language_level_validations,Java1_2Validator,0,29,0,0,0,6,0,1,0,1
javaparser-symbol-solver-testing,com.github.javaparser.ast.validator.language_level_validations,Java15Validator,0,8,0,0,0,3,0,1,0,1
javaparser-symbol-solver-testing,com.github.javaparser.ast.validator.language_level_validations,Java1_0Validator,207,304,21,1,15,46,41,4,30,4
javaparser-symbol-solver-testing,com.github.javaparser.ast.validator.language_level_validations,Java1_3Validator,0,3,0,0,0,2,0,1,0,1
javaparser-symbol-solver-testing,com.github.javaparser.ast.validator.language_level_validations,Java12PreviewValidator,0,13,0,0,0,4,0,1,0,1
javaparser-symbol-solver-testing,com.github.javaparser.ast.validator.language_level_validations,Java7Validator,46,52,11,1,8,11,7,2,1,2
javaparser-symbol-solver-testing,com.github.javaparser.printer.lexicalpreservation.changes,NoChange,7,0,0,0,2,0,2,0,2,0
javaparser-symbol-solver-testing,com.github.javaparser.printer.lexicalpreservation.changes,ListReplacementChange,81,0,6,0,19,0,5,0,2,0
javaparser-symbol-solver-testing,com.github.javaparser.printer.lexicalpreservation.changes,Change,68,0,9,0,6,0,8,0,2,0
javaparser-symbol-solver-testing,com.github.javaparser.printer.lexicalpreservation.changes,PropertyChange,32,0,2,0,11,0,6,0,5,0
javaparser-symbol-solver-testing,com.github.javaparser.printer.lexicalpreservation.changes,ListAdditionChange,80,0,6,0,19,0,5,0,2,0
javaparser-symbol-solver-testing,com.github.javaparser.printer.lexicalpreservation.changes,ListRemovalChange,76,0,6,0,18,0,5,0,2,0
javaparser-symbol-solver-testing,com.github.javaparser.symbolsolver.resolution.typeinference.constraintformulas,MethodReferenceThrowsCompatibleWithType,69,0,8,0,11,0,9,0,5,0
javaparser-symbol-solver-testing,com.github.javaparser.symbolsolver.resolution.typeinference.constraintformulas,TypeContainedByType,118,0,24,0,19,0,17,0,5,0
javaparser-symbol-solver-testing,com.github.javaparser.symbolsolver.resolution.typeinference.constraintformulas,TypeSubtypeOfType,145,37,24,4,23,10,17,2,3,2
javaparser-symbol-solver-testing,com.github.javaparser.symbolsolver.resolution.typeinference.constraintformulas,TypeCompatibleWithType,133,73,20,10,19,16,17,3,2,3
javaparser-symbol-solver-testing,com.github.javaparser.symbolsolver.resolution.typeinference.constraintformulas,TypeSameAsType,222,0,42,0,38,0,26,0,5,0
javaparser-symbol-solver-testing,com.github.javaparser.symbolsolver.resolution.typeinference.constraintformulas,ExpressionCompatibleWithType,534,39,74,2,99,9,50,2,12,2
javaparser-symbol-solver-testing,com.github.javaparser.symbolsolver.resolution.typeinference.constraintformulas,LambdaThrowsCompatibleWithType,69,0,8,0,11,0,9,0,5,0
javaparser-symbol-solver-testing,com.github.javaparser.resolution,Navigator,101,352,13,43,15,78,19,43,6,28
javaparser-symbol-solver-testing,com.github.javaparser.resolution,UnsolvedSymbolException,31,48,0,2,4,9,3,4,3,3
javaparser-symbol-solver-testing,com.github.javaparser.resolution,TypeSolver,0,40,0,4,0,10,0,7,0,5
javaparser-symbol-solver-testing,com.github.javaparser.resolution,MethodUsage,84,405,10,26,12,79,12,30,3,21
javaparser-symbol-solver-testing,com.github.javaparser.resolution,Context,28,255,4,24,8,77,6,35,3,24
javaparser-symbol-solver-testing,com.github.javaparser.resolution,MethodAmbiguityException,0,4,0,0,0,2,0,1,0,1
javaparser-symbol-solver-testing,com.github.javaparser.symbolsolver.cache,NoCache,0,18,0,0,0,9,0,9,0,9
javaparser-symbol-solver-testing,com.github.javaparser.symbolsolver.cache,GuavaCache,5,48,0,2,1,14,1,9,1,8
javaparser-symbol-solver-testing,com.github.javaparser.symbolsolver.cache,InMemoryCache,0,49,0,0,0,14,0,9,0,9
javaparser-symbol-solver-testing,com.github.javaparser.printer.lexicalpreservation,TextElementMatchers.new TextElementMatcher() {...},21,0,0,0,3,0,3,0,3,0
javaparser-symbol-solver-testing,com.github.javaparser.printer.lexicalpreservation,TextElementIteratorsFactory.EmptyIterator,9,0,0,0,3,0,3,0,3,0
javaparser-symbol-solver-testing,com.github.javaparser.printer.lexicalpreservation,RemovedGroup,321,0,42,0,69,0,41,0,20,0
javaparser-symbol-solver-testing,com.github.javaparser.printer.lexicalpreservation,TextElementIteratorsFactory.SingleElementIterator,20,0,2,0,7,0,5,0,4,0
javaparser-symbol-solver-testing,com.github.javaparser.printer.lexicalpreservation,TextElementIteratorsFactory.ComposedIterator,59,0,6,0,15,0,7,0,4,0
javaparser-symbol-solver-testing,com.github.javaparser.printer.lexicalpreservation,Added,125,0,16,0,25,0,22,0,14,0
javaparser-symbol-solver-testing,com.github.javaparser.printer.lexicalpreservation,Removed,153,0,18,0,40,0,24,0,15,0
javaparser-symbol-solver-testing,com.github.javaparser.printer.lexicalpreservation,Difference.MatchClassification,70,0,0,0,6,0,3,0,3,0
javaparser-symbol-solver-testing,com.github.javaparser.printer.lexicalpreservation,LexicalDifferenceCalculator.CalculatedSyntaxModel,57,0,4,0,8,0,8,0,6,0
javaparser-symbol-solver-testing,com.github.javaparser.printer.lexicalpreservation,LexicalPreservingVisitor,27,0,0,0,10,0,5,0,5,0
javaparser-symbol-solver-testing,com.github.javaparser.printer.lexicalpreservation,RemovedGroup.new Iterator() {...},40,0,4,0,4,0,5,0,3,0
javaparser-symbol-solver-testing,com.github.javaparser.printer.lexicalpreservation,Difference.ReadOnlyListIterator,59,0,0,0,15,0,12,0,12,0
javaparser-symbol-solver-testing,com.github.javaparser.printer.lexicalpreservation,DifferenceElementCalculator.ChildPositionInfo,65,0,16,0,11,0,11,0,3,0
javaparser-symbol-solver-testing,com.github.javaparser.printer.lexicalpreservation,DifferenceElement,21,0,0,0,5,0,5,0,5,0
javaparser-symbol-solver-testing,com.github.javaparser.printer.lexicalpreservation,TextElementMatchers,15,0,0,0,3,0,4,0,4,0
javaparser-symbol-solver-testing,com.github.javaparser.printer.lexicalpreservation,Reshuffled,145,0,14,0,28,0,22,0,15,0
javaparser-symbol-solver-testing,com.github.javaparser.printer.lexicalpreservation,Difference,3414,0,598,0,605,0,356,0,57,0
javaparser-symbol-solver-testing,com.github.javaparser.printer.lexicalpreservation,DifferenceElementCalculator,840,0,128,0,155,0,83,0,19,0
javaparser-symbol-solver-testing,com.github.javaparser.printer.lexicalpreservation,TokenTextElement,133,0,8,0,34,0,28,0,24,0
javaparser-symbol-solver-testing,com.github.javaparser.printer.lexicalpreservation,TextElementIteratorsFactory.CascadingIterator,83,0,12,0,27,0,10,0,4,0
javaparser-symbol-solver-testing,com.github.javaparser.printer.lexicalpreservation,LexicalDifferenceCalculator,955,0,103,0,176,0,77,0,20,0
javaparser-symbol-solver-testing,com.github.javaparser.printer.lexicalpreservation,TextElementIteratorsFactory.new TextElementIteratorsFactory.SingleElementIterator() {...},16,0,0,0,3,0,2,0,2,0
javaparser-symbol-solver-testing,com.github.javaparser.printer.lexicalpreservation,Difference.EnforcingIndentationContext,12,0,0,0,4,0,1,0,1,0
javaparser-symbol-solver-testing,com.github.javaparser.printer.lexicalpreservation,LexicalPreservingPrinter.new DataKey() {...},3,0,0,0,1,0,1,0,1,0
javaparser-symbol-solver-testing,com.github.javaparser.printer.lexicalpreservation,LexicalPreservingPrinter.new TreeVisitor() {...},17,0,2,0,4,0,3,0,2,0
javaparser-symbol-solver-testing,com.github.javaparser.printer.lexicalpreservation,TextElementIteratorsFactory,62,0,6,0,14,0,7,0,4,0
javaparser-symbol-solver-testing,com.github.javaparser.printer.lexicalpreservation,TextElement,60,0,10,0,7,0,13,0,8,0
javaparser-symbol-solver-testing,com.github.javaparser.printer.lexicalpreservation,PhantomNodeLogic.new AstObserverAdapter() {...},8,0,0,0,3,0,2,0,2,0
javaparser-symbol-solver-testing,com.github.javaparser.printer.lexicalpreservation,LexicalDifferenceCalculator.CsmChild,54,0,6,0,13,0,9,0,6,0
javaparser-symbol-solver-testing,com.github.javaparser.printer.lexicalpreservation,PhantomNodeLogic,99,0,20,0,14,0,15,0,5,0
javaparser-symbol-solver-testing,com.github.javaparser.printer.lexicalpreservation,LexicalPreservingPrinter.Observer,792,0,108,0,148,0,83,0,29,0
javaparser-symbol-solver-testing,com.github.javaparser.printer.lexicalpreservation,TextElementMatcher,16,0,4,0,1,0,4,0,2,0
javaparser-symbol-solver-testing,com.github.javaparser.printer.lexicalpreservation,NodeText,258,0,16,0,56,0,32,0,24,0
javaparser-symbol-solver-testing,com.github.javaparser.printer.lexicalpreservation,ChildTextElement,108,0,8,0,30,0,26,0,22,0
javaparser-symbol-solver-testing,com.github.javaparser.printer.lexicalpreservation,LexicalPreservingPrinter,988,0,131,0,203,0,97,0,28,0
javaparser-symbol-solver-testing,com.github.javaparser.printer.lexicalpreservation,Kept,139,0,16,0,38,0,24,0,16,0
javaparser-symbol-solver-testing,com.github.javaparser.symbolsolver.resolution,SymbolSolver,78,146,12,12,16,31,11,15,2,12
javaparser-symbol-solver-testing,com.github.javaparser,SimpleCharStream,14,43,0,0,4,13,2,6,2,6
javaparser-symbol-solver-testing,com.github.javaparser,UnicodeEscapeProcessingProvider,456,0,55,0,125,0,48,0,19,0
javaparser-symbol-solver-testing,com.github.javaparser,JavaParserAdapter,117,130,1,1,16,20,16,17,15,17
javaparser-symbol-solver-testing,com.github.javaparser,Token,10,24,0,0,4,8,3,4,3,4
javaparser-symbol-solver-testing,com.github.javaparser,JavaParserBuild,3,0,0,0,1,0,1,0,1,0
javaparser-symbol-solver-testing,com.github.javaparser,ParseResult,34,48,5,5,7,13,4,9,1,7
javaparser-symbol-solver-testing,com.github.javaparser,TokenBase,0,9,0,0,0,3,0,1,0,1
javaparser-symbol-solver-testing,com.github.javaparser,ParserConfiguration.LanguageLevel,0,475,0,2,0,37,0,5,0,4
javaparser-symbol-solver-testing,com.github.javaparser,ParseException,321,0,33,0,79,0,26,0,6,0
javaparser-symbol-solver-testing,com.github.javaparser,TokenRange.new Iterator() {...},58,0,8,0,13,0,7,0,3,0
javaparser-symbol-solver-testing,com.github.javaparser,Range,216,64,34,8,27,14,36,7,18,4
javaparser-symbol-solver-testing,com.github.javaparser,UnicodeEscapeProcessingProvider.LineCounter,63,0,6,0,22,0,10,0,6,0
javaparser-symbol-solver-testing,com.github.javaparser,GeneratedJavaParserBase,421,441,66,38,90,88,44,40,8,24
javaparser-symbol-solver-testing,com.github.javaparser,TokenTypes,64,22,7,8,16,10,13,9,9,2
javaparser-symbol-solver-testing,com.github.javaparser,JavadocParser,343,0,44,0,52,0,36,0,14,0
javaparser-symbol-solver-testing,com.github.javaparser,StreamProvider,19,35,6,2,4,11,5,4,1,4
javaparser-symbol-solver-testing,com.github.javaparser,ParseStart,0,43,0,0,0,21,0,1,0,1
javaparser-symbol-solver-testing,com.github.javaparser,JavaToken.Kind,1979,0,163,0,304,0,160,0,5,0
javaparser-symbol-solver-testing,com.github.javaparser,Providers,57,52,2,0,12,8,7,6,6,6
javaparser-symbol-solver-testing,com.github.javaparser,ParserConfiguration.new Processor() {...},3,10,1,1,1,3,1,2,0,2
javaparser-symbol-solver-testing,com.github.javaparser,ParserConfiguration.new Processor() {...},0,25,0,2,0,6,0,5,0,4
javaparser-symbol-solver-testing,com.github.javaparser,ParserConfiguration.new Processor() {...},0,42,1,5,0,8,1,5,0,3
javaparser-symbol-solver-testing,com.github.javaparser,ParserConfiguration.new Processor() {...},0,32,0,2,0,4,0,5,0,4
javaparser-symbol-solver-testing,com.github.javaparser,ModifierHolder,0,14,0,0,0,5,0,1,0,1
javaparser-symbol-solver-testing,com.github.javaparser,JavaParser,170,260,2,10,26,51,20,26,19,21
javaparser-symbol-solver-testing,com.github.javaparser,TokenRange,55,44,6,0,9,9,6,6,3,6
javaparser-symbol-solver-testing,com.github.javaparser,ParserConfiguration.UnicodeEscapeProcessor,40,17,4,2,7,5,6,3,3,3
javaparser-symbol-solver-testing,com.github.javaparser,ParseProblemException,49,0,2,0,11,0,5,0,4,0
javaparser-symbol-solver-testing,com.github.javaparser,GeneratedJavaParser,6698,18426,1443,2064,1421,3510,1215,1386,133,616
javaparser-symbol-solver-testing,com.github.javaparser,GeneratedJavaParserTokenManagerBase,8,59,1,5,2,9,2,4,1,2
javaparser-symbol-solver-testing,com.github.javaparser,HasParentNode,29,59,3,7,2,9,5,8,3,5
javaparser-symbol-solver-testing,com.github.javaparser,StringProvider,2,59,1,5,1,17,1,5,0,3
javaparser-symbol-solver-testing,com.github.javaparser,GeneratedJavaParserTokenManager,4049,8472,997,793,690,1026,694,504,13,41
javaparser-symbol-solver-testing,com.github.javaparser,UnicodeEscapeProcessingProvider.PositionMapping,86,0,8,0,19,0,10,0,6,0
javaparser-symbol-solver-testing,com.github.javaparser,Problem,156,21,16,0,21,8,19,3,11,3
javaparser-symbol-solver-testing,com.github.javaparser,JavaToken.Category,69,91,22,2,9,10,20,3,9,2
javaparser-symbol-solver-testing,com.github.javaparser,GeneratedJavaParser.JJCalls,0,3,0,0,0,1,0,1,0,1
javaparser-symbol-solver-testing,com.github.javaparser,CommentsInserter,31,410,18,56,8,78,18,33,0,14
javaparser-symbol-solver-testing,com.github.javaparser,TokenMgrException,169,0,17,0,39,0,18,0,6,0
javaparser-symbol-solver-testing,com.github.javaparser,AbstractCharStream,433,477,39,38,91,107,40,33,10,16
javaparser-symbol-solver-testing,com.github.javaparser,ParserConfiguration,30,177,1,1,12,44,7,24,6,24
javaparser-symbol-solver-testing,com.github.javaparser,UnicodeEscapeProcessingProvider.PositionMapping.DeltaInfo,48,0,0,0,7,0,4,0,4,0
javaparser-symbol-solver-testing,com.github.javaparser,Position,135,169,21,35,15,31,23,23,9,9
javaparser-symbol-solver-testing,com.github.javaparser,JavaToken,316,140,21,9,80,36,37,13,26,9
javaparser-symbol-solver-testing,com.github.javaparser,Processor,1,5,0,0,1,2,1,2,1,2
javaparser-symbol-solver-testing,com.github.javaparser,LineEndingProcessingProvider,0,206,1,19,0,48,1,17,0,8
javaparser-symbol-solver-testing,com.github.javaparser,ParserConfiguration.LineEndingProcessor,2,38,2,2,1,10,2,4,0,4
javaparser-symbol-solver-testing,com.github.javaparser,StaticJavaParser,180,118,2,0,47,34,21,19,20,19
javaparser-symbol-solver-testing,com.github.javaparser,UnicodeEscapeProcessingProvider.PositionMappingBuilder,67,0,4,0,16,0,5,0,3,0
javaparser-symbol-solver-testing,com.github.javaparser,RangedList,5,36,1,1,1,11,1,4,0,4
javaparser-symbol-solver-testing,com.github.javaparser,UnicodeEscapeProcessingProvider.PositionMapping.PositionUpdate.new UnicodeEscapeProcessingProvider.PositionMapping.PositionUpdate() {...},9,0,0,0,4,0,4,0,4,0
javaparser-symbol-solver-testing,com.github.javaparser,GeneratedJavaParserConstants,596,0,0,0,1,0,1,0,1,0
javaparser-symbol-solver-testing,com.github.javaparser,UnicodeEscapeProcessingProvider.PositionMapping.PositionUpdate,25,0,0,0,6,0,2,0,2,0
javaparser-symbol-solver-testing,com.github.javaparser.ast.validator.postprocessors,Java15PostProcessor,0,3,0,0,0,1,0,1,0,1
javaparser-symbol-solver-testing,com.github.javaparser.ast.validator.postprocessors,Java13PostProcessor,0,3,0,0,0,1,0,1,0,1
javaparser-symbol-solver-testing,com.github.javaparser.ast.validator.postprocessors,Java17PostProcessor,0,3,0,0,0,1,0,1,0,1
javaparser-symbol-solver-testing,com.github.javaparser.ast.validator.postprocessors,Java14PostProcessor,0,3,0,0,0,1,0,1,0,1
javaparser-symbol-solver-testing,com.github.javaparser.ast.validator.postprocessors,Java11PostProcessor,0,3,0,0,0,1,0,1,0,1
javaparser-symbol-solver-testing,com.github.javaparser.ast.validator.postprocessors,Java12PostProcessor,0,3,0,0,0,1,0,1,0,1
javaparser-symbol-solver-testing,com.github.javaparser.ast.validator.postprocessors,Java10PostProcessor,0,31,0,0,0,7,0,2,0,2
javaparser-symbol-solver-testing,com.github.javaparser.ast.validator.postprocessors,PostProcessors,25,33,2,0,7,8,4,4,3,4
javaparser-symbol-solver-testing,com.github.javaparser.ast.validator.postprocessors,Java10PostProcessor.new Processor() {...},2,58,3,5,0,12,3,7,0,6
javaparser-symbol-solver-testing,com.github.javaparser.ast.validator.postprocessors,Java16PostProcessor,0,3,0,0,0,1,0,1,0,1
javaparser-symbol-solver-testing,com.github.javaparser.symbolsolver.utils,SymbolSolverCollectionStrategy,13,60,1,1,2,13,2,4,1,4
javaparser-symbol-solver-testing,com.github.javaparser.symbolsolver.utils,SymbolSolverCollectionStrategy.new SimpleFileVisitor() {...},27,154,4,16,2,24,9,10,5,4
javaparser-symbol-solver-testing,com.github.javaparser.symbolsolver.utils,FileUtils,3,20,0,0,1,5,1,2,1,2
javaparser-symbol-solver-testing,com.github.javaparser.utils,TypeUtils,23,107,1,11,4,24,3,9,2,4
javaparser-symbol-solver-testing,com.github.javaparser.utils,VisitorMap.EqualsHashcodeOverridingFacade,46,0,4,0,9,0,7,0,5,0
javaparser-symbol-solver-testing,com.github.javaparser.utils,CollectionStrategy,103,40,4,4,14,9,11,2,7,2
javaparser-symbol-solver-testing,com.github.javaparser.utils,VisitorSet.EqualsHashcodeOverridingFacade,46,0,4,0,9,0,7,0,5,0
javaparser-symbol-solver-testing,com.github.javaparser.utils,ParserCollectionStrategy,46,0,0,0,12,0,5,0,5,0
javaparser-symbol-solver-testing,com.github.javaparser.utils,LineSeparator,103,206,20,28,20,32,21,16,8,5
javaparser-symbol-solver-testing,com.github.javaparser.utils,SeparatedItemStringBuilder,34,21,2,0,6,7,3,2,2,2
javaparser-symbol-solver-testing,com.github.javaparser.utils,VisitorSet,212,0,18,0,37,0,26,0,17,0
javaparser-symbol-solver-testing,com.github.javaparser.utils,StringEscapeUtils.CharSequenceTranslator,93,0,18,0,29,0,11,0,2,0
javaparser-symbol-solver-testing,com.github.javaparser.utils,SourceRoot.ParallelParse.new SimpleFileVisitor() {...},52,0,4,0,10,0,5,0,3,0
javaparser-symbol-solver-testing,com.github.javaparser.utils,SourceRoot.Callback.Result,34,0,0,0,2,0,1,0,1,0
javaparser-symbol-solver-testing,com.github.javaparser.utils,VisitorMap,113,0,0,0,19,0,15,0,15,0
javaparser-symbol-solver-testing,com.github.javaparser.utils,ProjectRoot,27,41,0,0,4,9,3,4,3,4
javaparser-symbol-solver-testing,com.github.javaparser.utils,Log.SilentAdapter,1,5,0,0,1,3,1,3,1,3
javaparser-symbol-solver-testing,com.github.javaparser.utils,SourceRoot,635,180,29,7,119,38,59,13,41,12
javaparser-symbol-solver-testing,com.github.javaparser.utils,StringEscapeUtils.UnicodeUnescaper,120,0,16,0,17,0,10,0,2,0
javaparser-symbol-solver-testing,com.github.javaparser.utils,VisitorSet.new Iterator() {...},26,0,0,0,6,0,4,0,4,0
javaparser-symbol-solver-testing,com.github.javaparser.utils,StringEscapeUtils.OctalUnescaper,117,0,24,0,17,0,16,0,4,0
javaparser-symbol-solver-testing,com.github.javaparser.utils,ClassUtils,101,0,10,0,22,0,9,0,4,0
javaparser-symbol-solver-testing,com.github.javaparser.utils,SourceZip,159,0,6,0,28,0,15,0,12,0
javaparser-symbol-solver-testing,com.github.javaparser.utils,VisitorList.new VisitorList() {...},24,0,0,0,3,0,1,0,1,0
javaparser-symbol-solver-testing,com.github.javaparser.utils,VisitorList.new ListIterator() {...},69,0,0,0,14,0,10,0,10,0
javaparser-symbol-solver-testing,com.github.javaparser.utils,VisitorList.new Iterator() {...},26,0,0,0,6,0,4,0,4,0
javaparser-symbol-solver-testing,com.github.javaparser.utils,Log,32,47,0,2,7,12,8,7,8,6
javaparser-symbol-solver-testing,com.github.javaparser.utils,SourceRoot.new SimpleFileVisitor() {...},1,40,3,3,0,6,3,3,0,3
javaparser-symbol-solver-testing,com.github.javaparser.utils,SourceRoot.new SimpleFileVisitor() {...},40,0,6,0,5,0,6,0,3,0
javaparser-symbol-solver-testing,com.github.javaparser.utils,StringEscapeUtils,401,0,0,0,8,0,4,0,4,0
javaparser-symbol-solver-testing,com.github.javaparser.utils,Log.StandardOutStandardErrorAdapter,78,9,4,0,20,3,5,2,3,2
javaparser-symbol-solver-testing,com.github.javaparser.utils,VisitorList,321,0,24,0,56,0,39,0,27,0
javaparser-symbol-solver-testing,com.github.javaparser.utils,CodeGenerationUtils,175,64,17,3,25,13,16,8,7,7
javaparser-symbol-solver-testing,com.github.javaparser.utils,VisitorList.EqualsHashcodeOverridingFacade,46,0,4,0,9,0,7,0,5,0
javaparser-symbol-solver-testing,com.github.javaparser.utils,ParserCollectionStrategy.new SimpleFileVisitor() {...},76,0,16,0,16,0,12,0,4,0
javaparser-symbol-solver-testing,com.github.javaparser.utils,StringEscapeUtils.AggregateTranslator,42,0,6,0,8,0,5,0,2,0
javaparser-symbol-solver-testing,com.github.javaparser.utils,StringEscapeUtils.LookupTranslator,133,0,16,0,28,0,10,0,2,0
javaparser-symbol-solver-testing,com.github.javaparser.utils,Utils,384,79,60,11,82,17,56,11,23,8
javaparser-symbol-solver-testing,com.github.javaparser.utils,Pair,72,9,14,0,13,4,10,1,3,1
javaparser-symbol-solver-testing,com.github.javaparser.utils,PositionUtils,216,93,31,17,46,22,30,12,11,7
javaparser-symbol-solver-testing,com.github.javaparser.utils,SourceRoot.ParallelParse,48,0,2,0,14,0,3,0,2,0
javaparser-symbol-solver-testing,com.github.javaparser.metamodel,ClassOrInterfaceDeclarationMetaModel,0,9,0,0,0,2,0,1,0,1
javaparser-symbol-solver-testing,com.github.javaparser.metamodel,JavaParserMetaModel,24,6889,4,0,6,912,4,4,2,4
javaparser-symbol-solver-testing,com.github.javaparser.metamodel,ModifierMetaModel,0,9,0,0,0,2,0,1,0,1
javaparser-symbol-solver-testing,com.github.javaparser.metamodel,CatchClauseMetaModel,0,9,0,0,0,2,0,1,0,1
javaparser-symbol-solver-testing,com.github.javaparser.metamodel,AnnotationExprMetaModel,0,18,0,0,0,4,0,2,0,2
javaparser-symbol-solver-testing,com.github.javaparser.metamodel,CallableDeclarationMetaModel,0,18,0,0,0,4,0,2,0,2
javaparser-symbol-solver-testing,com.github.javaparser.metamodel,ArrayAccessExprMetaModel,0,9,0,0,0,2,0,1,0,1
javaparser-symbol-solver-testing,com.github.javaparser.metamodel,VoidTypeMetaModel,0,9,0,0,0,2,0,1,0,1
javaparser-symbol-solver-testing,com.github.javaparser.metamodel,AssertStmtMetaModel,0,9,0,0,0,2,0,1,0,1
javaparser-symbol-solver-testing,com.github.javaparser.metamodel,IntegerLiteralExprMetaModel,0,9,0,0,0,2,0,1,0,1
javaparser-symbol-solver-testing,com.github.javaparser.metamodel,TypeMetaModel,0,18,0,0,0,4,0,2,0,2
javaparser-symbol-solver-testing,com.github.javaparser.metamodel,CompactConstructorDeclarationMetaModel,0,9,0,0,0,2,0,1,0,1
javaparser-symbol-solver-testing,com.github.javaparser.metamodel,CompilationUnitMetaModel,0,9,0,0,0,2,0,1,0,1
javaparser-symbol-solver-testing,com.github.javaparser.metamodel,ExplicitConstructorInvocationStmtMetaModel,0,9,0,0,0,2,0,1,0,1
javaparser-symbol-solver-testing,com.github.javaparser.metamodel,SingleMemberAnnotationExprMetaModel,0,9,0,0,0,2,0,1,0,1
javaparser-symbol-solver-testing,com.github.javaparser.metamodel,TypeDeclarationMetaModel,0,18,0,0,0,4,0,2,0,2
javaparser-symbol-solver-testing,com.github.javaparser.metamodel,CharLiteralExprMetaModel,0,9,0,0,0,2,0,1,0,1
javaparser-symbol-solver-testing,com.github.javaparser.metamodel,EnumConstantDeclarationMetaModel,0,9,0,0,0,2,0,1,0,1
javaparser-symbol-solver-testing,com.github.javaparser.metamodel,NodeMetaModel,0,18,0,0,0,4,0,2,0,2
javaparser-symbol-solver-testing,com.github.javaparser.metamodel,MethodCallExprMetaModel,0,9,0,0,0,2,0,1,0,1
javaparser-symbol-solver-testing,com.github.javaparser.metamodel,ReceiverParameterMetaModel,0,9,0,0,0,2,0,1,0,1
javaparser-symbol-solver-testing,com.github.javaparser.metamodel,UnaryExprMetaModel,0,9,0,0,0,2,0,1,0,1
javaparser-symbol-solver-testing,com.github.javaparser.metamodel,ArrayInitializerExprMetaModel,0,9,0,0,0,2,0,1,0,1
javaparser-symbol-solver-testing,com.github.javaparser.metamodel,LiteralExprMetaModel,0,18,0,0,0,4,0,2,0,2
javaparser-symbol-solver-testing,com.github.javaparser.metamodel,ExpressionMetaModel,0,18,0,0,0,4,0,2,0,2
javaparser-symbol-solver-testing,com.github.javaparser.metamodel,InstanceOfExprMetaModel,0,9,0,0,0,2,0,1,0,1
javaparser-symbol-solver-testing,com.github.javaparser.metamodel,StatementMetaModel,0,18,0,0,0,4,0,2,0,2
javaparser-symbol-solver-testing,com.github.javaparser.metamodel,TryStmtMetaModel,0,9,0,0,0,2,0,1,0,1
javaparser-symbol-solver-testing,com.github.javaparser.metamodel,TextBlockLiteralExprMetaModel,0,9,0,0,0,2,0,1,0,1
javaparser-symbol-solver-testing,com.github.javaparser.metamodel,BinaryExprMetaModel,0,9,0,0,0,2,0,1,0,1
javaparser-symbol-solver-testing,com.github.javaparser.metamodel,JavadocCommentMetaModel,0,9,0,0,0,2,0,1,0,1
javaparser-symbol-solver-testing,com.github.javaparser.metamodel,CommentMetaModel,0,18,0,0,0,4,0,2,0,2
javaparser-symbol-solver-testing,com.github.javaparser.metamodel,TypeParameterMetaModel,0,9,0,0,0,2,0,1,0,1
javaparser-symbol-solver-testing,com.github.javaparser.metamodel,ParameterMetaModel,0,9,0,0,0,2,0,1,0,1
javaparser-symbol-solver-testing,com.github.javaparser.metamodel,ReturnStmtMetaModel,0,9,0,0,0,2,0,1,0,1
javaparser-symbol-solver-testing,com.github.javaparser.metamodel,ForEachStmtMetaModel,0,9,0,0,0,2,0,1,0,1
javaparser-symbol-solver-testing,com.github.javaparser.metamodel,LambdaExprMetaModel,0,9,0,0,0,2,0,1,0,1
javaparser-symbol-solver-testing,com.github.javaparser.metamodel,ModuleOpensDirectiveMetaModel,0,9,0,0,0,2,0,1,0,1
javaparser-symbol-solver-testing,com.github.javaparser.metamodel,FieldDeclarationMetaModel,0,9,0,0,0,2,0,1,0,1
javaparser-symbol-solver-testing,com.github.javaparser.metamodel,BreakStmtMetaModel,0,9,0,0,0,2,0,1,0,1
javaparser-symbol-solver-testing,com.github.javaparser.metamodel,RecordDeclarationMetaModel,0,9,0,0,0,2,0,1,0,1
javaparser-symbol-solver-testing,com.github.javaparser.metamodel,FieldAccessExprMetaModel,0,9,0,0,0,2,0,1,0,1
javaparser-symbol-solver-testing,com.github.javaparser.metamodel,NameExprMetaModel,0,9,0,0,0,2,0,1,0,1
javaparser-symbol-solver-testing,com.github.javaparser.metamodel,DoStmtMetaModel,0,9,0,0,0,2,0,1,0,1
javaparser-symbol-solver-testing,com.github.javaparser.metamodel,LocalClassDeclarationStmtMetaModel,0,9,0,0,0,2,0,1,0,1
javaparser-symbol-solver-testing,com.github.javaparser.metamodel,ObjectCreationExprMetaModel,0,9,0,0,0,2,0,1,0,1
javaparser-symbol-solver-testing,com.github.javaparser.metamodel,MemberValuePairMetaModel,0,9,0,0,0,2,0,1,0,1
javaparser-symbol-solver-testing,com.github.javaparser.metamodel,ArrayTypeMetaModel,0,9,0,0,0,2,0,1,0,1
javaparser-symbol-solver-testing,com.github.javaparser.metamodel,UnknownTypeMetaModel,0,9,0,0,0,2,0,1,0,1
javaparser-symbol-solver-testing,com.github.javaparser.metamodel,NormalAnnotationExprMetaModel,0,9,0,0,0,2,0,1,0,1
javaparser-symbol-solver-testing,com.github.javaparser.metamodel,PropertyMetaModel,220,73,28,4,41,19,36,6,21,5
javaparser-symbol-solver-testing,com.github.javaparser.metamodel,SynchronizedStmtMetaModel,0,9,0,0,0,2,0,1,0,1
javaparser-symbol-solver-testing,com.github.javaparser.metamodel,PackageDeclarationMetaModel,0,9,0,0,0,2,0,1,0,1
javaparser-symbol-solver-testing,com.github.javaparser.metamodel,SwitchEntryMetaModel,0,9,0,0,0,2,0,1,0,1
javaparser-symbol-solver-testing,com.github.javaparser.metamodel,ThisExprMetaModel,0,9,0,0,0,2,0,1,0,1
javaparser-symbol-solver-testing,com.github.javaparser.metamodel,AssignExprMetaModel,0,9,0,0,0,2,0,1,0,1
javaparser-symbol-solver-testing,com.github.javaparser.metamodel,ModuleDirectiveMetaModel,0,18,0,0,0,4,0,2,0,2
javaparser-symbol-solver-testing,com.github.javaparser.metamodel,NullLiteralExprMetaModel,0,9,0,0,0,2,0,1,0,1
javaparser-symbol-solver-testing,com.github.javaparser.metamodel,UnionTypeMetaModel,0,9,0,0,0,2,0,1,0,1
javaparser-symbol-solver-testing,com.github.javaparser.metamodel,WhileStmtMetaModel,0,9,0,0,0,2,0,1,0,1
javaparser-symbol-solver-testing,com.github.javaparser.metamodel,AnnotationDeclarationMetaModel,0,9,0,0,0,2,0,1,0,1
javaparser-symbol-solver-testing,com.github.javaparser.metamodel,ConditionalExprMetaModel,0,9,0,0,0,2,0,1,0,1
javaparser-symbol-solver-testing,com.github.javaparser.metamodel,DoubleLiteralExprMetaModel,0,9,0,0,0,2,0,1,0,1
javaparser-symbol-solver-testing,com.github.javaparser.metamodel,BooleanLiteralExprMetaModel,0,9,0,0,0,2,0,1,0,1
javaparser-symbol-solver-testing,com.github.javaparser.metamodel,ModuleRequiresDirectiveMetaModel,0,9,0,0,0,2,0,1,0,1
javaparser-symbol-solver-testing,com.github.javaparser.metamodel,ExpressionStmtMetaModel,0,9,0,0,0,2,0,1,0,1
javaparser-symbol-solver-testing,com.github.javaparser.metamodel,EnclosedExprMetaModel,0,9,0,0,0,2,0,1,0,1
javaparser-symbol-solver-testing,com.github.javaparser.metamodel,BaseNodeMetaModel,193,73,28,2,42,21,29,7,15,6
javaparser-symbol-solver-testing,com.github.javaparser.metamodel,LabeledStmtMetaModel,0,9,0,0,0,2,0,1,0,1
javaparser-symbol-solver-testing,com.github.javaparser.metamodel,ContinueStmtMetaModel,0,9,0,0,0,2,0,1,0,1
javaparser-symbol-solver-testing,com.github.javaparser.metamodel,ArrayCreationLevelMetaModel,0,9,0,0,0,2,0,1,0,1
javaparser-symbol-solver-testing,com.github.javaparser.metamodel,IfStmtMetaModel,0,9,0,0,0,2,0,1,0,1
javaparser-symbol-solver-testing,com.github.javaparser.metamodel,InitializerDeclarationMetaModel,0,9,0,0,0,2,0,1,0,1
javaparser-symbol-solver-testing,com.github.javaparser.metamodel,ClassExprMetaModel,0,9,0,0,0,2,0,1,0,1
javaparser-symbol-solver-testing,com.github.javaparser.metamodel,IntersectionTypeMetaModel,0,9,0,0,0,2,0,1,0,1
javaparser-symbol-solver-testing,com.github.javaparser.metamodel,BlockCommentMetaModel,0,9,0,0,0,2,0,1,0,1
javaparser-symbol-solver-testing,com.github.javaparser.metamodel,TypeExprMetaModel,0,9,0,0,0,2,0,1,0,1
javaparser-symbol-solver-testing,com.github.javaparser.metamodel,ArrayCreationExprMetaModel,0,9,0,0,0,2,0,1,0,1
javaparser-symbol-solver-testing,com.github.javaparser.metamodel,ImportDeclarationMetaModel,0,9,0,0,0,2,0,1,0,1
javaparser-symbol-solver-testing,com.github.javaparser.metamodel,ModuleExportsDirectiveMetaModel,0,9,0,0,0,2,0,1,0,1
javaparser-symbol-solver-testing,com.github.javaparser.metamodel,SwitchExprMetaModel,0,9,0,0,0,2,0,1,0,1
javaparser-symbol-solver-testing,com.github.javaparser.metamodel,ThrowStmtMetaModel,0,9,0,0,0,2,0,1,0,1
javaparser-symbol-solver-testing,com.github.javaparser.metamodel,LineCommentMetaModel,0,9,0,0,0,2,0,1,0,1
javaparser-symbol-solver-testing,com.github.javaparser.metamodel,VariableDeclaratorMetaModel,0,9,0,0,0,2,0,1,0,1
javaparser-symbol-solver-testing,com.github.javaparser.metamodel,ForStmtMetaModel,0,9,0,0,0,2,0,1,0,1
javaparser-symbol-solver-testing,com.github.javaparser.metamodel,VariableDeclarationExprMetaModel,0,9,0,0,0,2,0,1,0,1
javaparser-symbol-solver-testing,com.github.javaparser.metamodel,WildcardTypeMetaModel,0,9,0,0,0,2,0,1,0,1
javaparser-symbol-solver-testing,com.github.javaparser.metamodel,SimpleNameMetaModel,0,9,0,0,0,2,0,1,0,1
javaparser-symbol-solver-testing,com.github.javaparser.metamodel,MethodReferenceExprMetaModel,0,9,0,0,0,2,0,1,0,1
javaparser-symbol-solver-testing,com.github.javaparser.metamodel,ModuleDeclarationMetaModel,0,9,0,0,0,2,0,1,0,1
javaparser-symbol-solver-testing,com.github.javaparser.metamodel,CastExprMetaModel,0,9,0,0,0,2,0,1,0,1
javaparser-symbol-solver-testing,com.github.javaparser.metamodel,ReferenceTypeMetaModel,0,18,0,0,0,4,0,2,0,2
javaparser-symbol-solver-testing,com.github.javaparser.metamodel,UnparsableStmtMetaModel,0,9,0,0,0,2,0,1,0,1
javaparser-symbol-solver-testing,com.github.javaparser.metamodel,ConstructorDeclarationMetaModel,0,9,0,0,0,2,0,1,0,1
javaparser-symbol-solver-testing,com.github.javaparser.metamodel,PatternExprMetaModel,0,9,0,0,0,2,0,1,0,1
javaparser-symbol-solver-testing,com.github.javaparser.metamodel,LocalRecordDeclarationStmtMetaModel,0,9,0,0,0,2,0,1,0,1
javaparser-symbol-solver-testing,com.github.javaparser.metamodel,BodyDeclarationMetaModel,0,18,0,0,0,4,0,2,0,2
javaparser-symbol-solver-testing,com.github.javaparser.metamodel,StringLiteralExprMetaModel,0,9,0,0,0,2,0,1,0,1
javaparser-symbol-solver-testing,com.github.javaparser.metamodel,BlockStmtMetaModel,0,9,0,0,0,2,0,1,0,1
javaparser-symbol-solver-testing,com.github.javaparser.metamodel,SuperExprMetaModel,0,9,0,0,0,2,0,1,0,1
javaparser-symbol-solver-testing,com.github.javaparser.metamodel,YieldStmtMetaModel,0,9,0,0,0,2,0,1,0,1
javaparser-symbol-solver-testing,com.github.javaparser.metamodel,SwitchStmtMetaModel,0,9,0,0,0,2,0,1,0,1
javaparser-symbol-solver-testing,com.github.javaparser.metamodel,PrimitiveTypeMetaModel,0,9,0,0,0,2,0,1,0,1
javaparser-symbol-solver-testing,com.github.javaparser.metamodel,EmptyStmtMetaModel,0,9,0,0,0,2,0,1,0,1
javaparser-symbol-solver-testing,com.github.javaparser.metamodel,ModuleUsesDirectiveMetaModel,0,9,0,0,0,2,0,1,0,1
javaparser-symbol-solver-testing,com.github.javaparser.metamodel,ModuleProvidesDirectiveMetaModel,0,9,0,0,0,2,0,1,0,1
javaparser-symbol-solver-testing,com.github.javaparser.metamodel,EnumDeclarationMetaModel,0,9,0,0,0,2,0,1,0,1
javaparser-symbol-solver-testing,com.github.javaparser.metamodel,AnnotationMemberDeclarationMetaModel,0,9,0,0,0,2,0,1,0,1
javaparser-symbol-solver-testing,com.github.javaparser.metamodel,MethodDeclarationMetaModel,0,9,0,0,0,2,0,1,0,1
javaparser-symbol-solver-testing,com.github.javaparser.metamodel,VarTypeMetaModel,0,9,0,0,0,2,0,1,0,1
javaparser-symbol-solver-testing,com.github.javaparser.metamodel,LiteralStringValueExprMetaModel,0,18,0,0,0,4,0,2,0,2
javaparser-symbol-solver-testing,com.github.javaparser.metamodel,ClassOrInterfaceTypeMetaModel,0,9,0,0,0,2,0,1,0,1
javaparser-symbol-solver-testing,com.github.javaparser.metamodel,NameMetaModel,0,9,0,0,0,2,0,1,0,1
javaparser-symbol-solver-testing,com.github.javaparser.metamodel,LongLiteralExprMetaModel,0,9,0,0,0,2,0,1,0,1
javaparser-symbol-solver-testing,com.github.javaparser.metamodel,MarkerAnnotationExprMetaModel,0,9,0,0,0,2,0,1,0,1
javaparser-symbol-solver-testing,com.github.javaparser.symbolsolver.javaparsermodel.declarations,JavaParserVariableDeclaration,16,56,2,2,3,13,3,7,1,7
javaparser-symbol-solver-testing,com.github.javaparser.symbolsolver.javaparsermodel.declarations,JavaParserParameterDeclaration,0,75,2,6,0,16,2,8,0,6
javaparser-symbol-solver-testing,com.github.javaparser.symbolsolver.javaparsermodel.declarations,JavaParserConstructorDeclaration,77,56,6,2,9,12,9,7,5,7
javaparser-symbol-solver-testing,com.github.javaparser.symbolsolver.javaparsermodel.declarations,JavaParserClassDeclaration,78,598,19,57,13,126,22,59,5,38
javaparser-symbol-solver-testing,com.github.javaparser.symbolsolver.javaparsermodel.declarations,DefaultConstructorDeclaration,16,15,0,0,5,6,5,4,5,4
javaparser-symbol-solver-testing,com.github.javaparser.symbolsolver.javaparsermodel.declarations,JavaParserEnumDeclaration.ValueOfMethod,38,37,1,1,12,10,12,6,11,6
javaparser-symbol-solver-testing,com.github.javaparser.symbolsolver.javaparsermodel.declarations,JavaParserEnumDeclaration.ValuesMethod,46,29,0,0,14,6,14,3,14,3
javaparser-symbol-solver-testing,com.github.javaparser.symbolsolver.javaparsermodel.declarations,JavaParserEnumDeclaration.ValueOfMethod.new ResolvedParameterDeclaration() {...},7,17,0,0,2,3,2,3,2,3
javaparser-symbol-solver-testing,com.github.javaparser.symbolsolver.javaparsermodel.declarations,JavaParserTypeParameter,107,211,17,15,22,45,22,25,9,22
javaparser-symbol-solver-testing,com.github.javaparser.symbolsolver.javaparsermodel.declarations,JavaParserAnnotationDeclaration,39,135,0,2,8,25,8,15,8,14
javaparser-symbol-solver-testing,com.github.javaparser.symbolsolver.javaparsermodel.declarations,JavaParserInterfaceDeclaration,152,439,28,36,32,90,27,45,8,32
javaparser-symbol-solver-testing,com.github.javaparser.symbolsolver.javaparsermodel.declarations,JavaParserFieldDeclaration,12,99,2,4,2,21,2,13,0,12
javaparser-symbol-solver-testing,com.github.javaparser.symbolsolver.javaparsermodel.declarations,JavaParserMethodDeclaration,66,161,7,5,8,25,8,20,3,19
javaparser-symbol-solver-testing,com.github.javaparser.symbolsolver.javaparsermodel.declarations,JavaParserPatternDeclaration,0,31,0,0,0,8,0,5,0,5
javaparser-symbol-solver-testing,com.github.javaparser.symbolsolver.javaparsermodel.declarations,JavaParserAnnotationMemberDeclaration,8,35,0,0,2,8,2,5,2,5
javaparser-symbol-solver-testing,com.github.javaparser.symbolsolver.javaparsermodel.declarations,JavaParserInterfaceDeclaration.new ResolvedFieldDeclaration() {...},12,31,0,0,3,5,3,5,3,5
javaparser-symbol-solver-testing,com.github.javaparser.symbolsolver.javaparsermodel.declarations,JavaParserEnumDeclaration,129,407,26,26,27,85,28,42,8,36
javaparser-symbol-solver-testing,com.github.javaparser.symbolsolver.javaparsermodel.declarations,JavaParserEnumConstantDeclaration,4,30,0,0,1,7,1,4,1,4
javaparser-symbol-solver-testing,com.github.javaparser.symbolsolver.javaparsermodel.declarations,JavaParserClassDeclaration.new ResolvedFieldDeclaration() {...},4,39,0,0,1,7,1,7,1,7
javaparser-symbol-solver-testing,com.github.javaparser.symbolsolver.javaparsermodel.declarations,JavaParserAnonymousClassDeclaration,84,285,3,7,18,72,18,23,15,21
javaparser-symbol-solver-testing,com.github.javaparser.symbolsolver.javaparsermodel.declarations,JavaParserTypeVariableDeclaration,71,111,4,4,15,29,12,19,10,17
javaparser-symbol-solver-testing,com.github.javaparser.symbolsolver.javaparsermodel.declarations,JavaParserSymbolDeclaration,26,24,6,0,8,4,4,4,1,4
javaparser-symbol-solver-testing,com.github.javaparser.symbolsolver.javaparsermodel.declarations,JavaParserTypeAdapter,137,267,21,33,27,47,17,21,4,7
javaparser-symbol-solver-testing,com.github.javaparser.symbolsolver.javaparsermodel.declarations,AstResolutionUtils,32,201,4,26,4,43,5,18,1,7
javaparser-symbol-solver-testing,com.github.javaparser.resolution.model,Value,19,25,0,0,1,8,1,4,1,4
javaparser-symbol-solver-testing,com.github.javaparser.resolution.model,SymbolReference,2,73,0,6,1,18,1,11,1,8
javaparser-symbol-solver-testing,com.github.javaparser.resolution.model,LambdaArgumentTypePlaceholder,12,12,0,0,4,6,4,3,4,3
javaparser-symbol-solver-testing,com.github.javaparser.symbolsolver.javaparsermodel.contexts,AbstractMethodLikeDeclarationContext,50,154,7,17,8,29,6,12,1,5
javaparser-symbol-solver-testing,com.github.javaparser.symbolsolver.javaparsermodel.contexts,JavaParserTypeDeclarationAdapter,53,549,11,79,6,104,17,48,7,13
javaparser-symbol-solver-testing,com.github.javaparser.symbolsolver.javaparsermodel.contexts,EnumDeclarationContext,8,79,2,6,1,14,2,7,0,5
javaparser-symbol-solver-testing,com.github.javaparser.symbolsolver.javaparsermodel.contexts,AnnotationDeclarationContext,15,44,2,2,2,9,3,4,1,4
javaparser-symbol-solver-testing,com.github.javaparser.symbolsolver.javaparsermodel.contexts,ConstructorContext,0,18,0,2,0,5,0,3,0,2
javaparser-symbol-solver-testing,com.github.javaparser.symbolsolver.javaparsermodel.contexts,ForStatementContext,45,75,10,10,8,15,9,5,1,3
javaparser-symbol-solver-testing,com.github.javaparser.symbolsolver.javaparsermodel.contexts,IfStatementContext,144,56,38,4,46,14,23,5,4,3
javaparser-symbol-solver-testing,com.github.javaparser.symbolsolver.javaparsermodel.contexts,StatementContext,149,320,31,47,35,79,24,26,1,10
javaparser-symbol-solver-testing,com.github.javaparser.symbolsolver.javaparsermodel.contexts,ClassOrInterfaceDeclarationContext,21,144,2,10,1,25,4,13,2,9
javaparser-symbol-solver-testing,com.github.javaparser.symbolsolver.javaparsermodel.contexts,ArrayAccessExprContext,0,9,0,0,0,3,0,2,0,2
javaparser-symbol-solver-testing,com.github.javaparser.symbolsolver.javaparsermodel.contexts,MethodContext,0,25,1,3,0,5,1,3,0,2
javaparser-symbol-solver-testing,com.github.javaparser.symbolsolver.javaparsermodel.contexts,SwitchEntryContext,31,96,12,10,10,19,11,3,1,2
javaparser-symbol-solver-testing,com.github.javaparser.symbolsolver.javaparsermodel.contexts,ForEachStatementContext,14,61,2,6,3,11,3,5,1,3
javaparser-symbol-solver-testing,com.github.javaparser.symbolsolver.javaparsermodel.contexts,BinaryExprContext,47,331,18,60,11,77,14,35,1,9
javaparser-symbol-solver-testing,com.github.javaparser.symbolsolver.javaparsermodel.contexts,FieldAccessContext,47,187,11,17,6,35,11,12,1,8
javaparser-symbol-solver-testing,com.github.javaparser.symbolsolver.javaparsermodel.contexts,BlockStmtContext,4,129,2,16,1,28,2,12,0,5
javaparser-symbol-solver-testing,com.github.javaparser.symbolsolver.javaparsermodel.contexts,InstanceOfExprContext,2,80,2,8,1,19,2,6,0,3
javaparser-symbol-solver-testing,com.github.javaparser.symbolsolver.javaparsermodel.contexts,ClassOrInterfaceDeclarationExtendsContext,0,38,0,4,0,7,0,4,0,2
javaparser-symbol-solver-testing,com.github.javaparser.symbolsolver.javaparsermodel.contexts,AbstractJavaParserContext,140,400,24,62,22,106,25,38,7,13
javaparser-symbol-solver-testing,com.github.javaparser.symbolsolver.javaparsermodel.contexts,LambdaExprContext,193,372,43,35,28,82,32,14,2,5
javaparser-symbol-solver-testing,com.github.javaparser.symbolsolver.javaparsermodel.contexts,CatchClauseContext,32,38,3,3,7,10,4,5,2,4
javaparser-symbol-solver-testing,com.github.javaparser.symbolsolver.javaparsermodel.contexts,EnclosedExprContext,0,65,3,5,0,14,3,4,0,3
javaparser-symbol-solver-testing,com.github.javaparser.symbolsolver.javaparsermodel.contexts,CompilationUnitContext,76,746,23,115,14,143,23,63,2,15
javaparser-symbol-solver-testing,com.github.javaparser.symbolsolver.javaparsermodel.contexts,UnaryExprContext,0,63,4,4,0,14,4,3,0,3
javaparser-symbol-solver-testing,com.github.javaparser.symbolsolver.javaparsermodel.contexts,ObjectCreationContext,12,84,4,8,2,15,5,5,1,3
javaparser-symbol-solver-testing,com.github.javaparser.symbolsolver.javaparsermodel.contexts,TryWithResourceContext,71,135,15,17,15,25,12,10,2,4
javaparser-symbol-solver-testing,com.github.javaparser.symbolsolver.javaparsermodel.contexts,AnonymousClassDeclarationContext,95,266,14,28,14,68,17,18,6,8
javaparser-symbol-solver-testing,com.github.javaparser.symbolsolver.javaparsermodel.contexts,MethodCallExprContext,243,1108,39,181,41,217,35,91,1,15
javaparser-symbol-solver-testing,com.github.javaparser.symbolsolver.javaparsermodel.contexts,VariableDeclarationExprContext,20,48,4,4,4,10,3,6,0,5
javaparser-symbol-solver-testing,com.github.javaparser.symbolsolver.javaparsermodel.contexts,MethodReferenceExprContext,119,322,28,32,20,68,22,12,0,4
javaparser-symbol-solver-testing,com.github.javaparser.symbolsolver.javaparsermodel.contexts,ContextHelper,6,11,1,1,1,3,1,1,0,1
javaparser-symbol-solver-testing,com.github.javaparser.symbolsolver.javaparsermodel.contexts,VariableDeclaratorContext,2,27,2,2,1,6,2,4,0,4
javaparser-symbol-solver-testing,com.github.javaparser.resolution.declarations,ResolvedClassDeclaration,0,2,0,0,0,1,0,1,0,1
javaparser-symbol-solver-testing,com.github.javaparser.resolution.declarations,ResolvedMethodLikeDeclaration,13,168,1,19,3,33,3,17,2,8
javaparser-symbol-solver-testing,com.github.javaparser.resolution.declarations,ResolvedMethodDeclaration,10,20,4,4,2,5,4,1,0,1
javaparser-symbol-solver-testing,com.github.javaparser.resolution.declarations,ResolvedDeclaration,0,88,0,0,0,14,0,14,0,14
javaparser-symbol-solver-testing,com.github.javaparser.resolution.declarations,ResolvedInterfaceDeclaration,0,29,0,2,0,7,0,3,0,2
javaparser-symbol-solver-testing,com.github.javaparser.resolution.declarations,ResolvedPatternDeclaration,4,6,0,0,1,3,1,3,1,3
javaparser-symbol-solver-testing,com.github.javaparser.resolution.declarations,ResolvedParameterDeclaration,0,26,0,2,0,6,0,5,0,4
javaparser-symbol-solver-testing,com.github.javaparser.resolution.declarations,ResolvedTypeParameterDeclaration.new ResolvedTypeParameterDeclaration() {...},29,21,0,0,8,4,8,4,8,4
javaparser-symbol-solver-testing,com.github.javaparser.resolution.declarations,ResolvedTypeDeclaration,54,110,0,2,5,18,6,17,6,16
javaparser-symbol-solver-testing,com.github.javaparser.resolution.declarations,ResolvedTypeParameterDeclaration,86,63,17,5,22,10,18,9,8,8
javaparser-symbol-solver-testing,com.github.javaparser.resolution.declarations,ResolvedEnumDeclaration,12,33,0,0,0,4,1,6,1,6
javaparser-symbol-solver-testing,com.github.javaparser.resolution.declarations,AssociableToAST,0,17,0,0,0,4,0,2,0,2
javaparser-symbol-solver-testing,com.github.javaparser.resolution.declarations,ResolvedEnumConstantDeclaration,0,4,0,0,0,2,0,2,0,2
javaparser-symbol-solver-testing,com.github.javaparser.resolution.declarations,ResolvedTypeParametrizable,0,8,0,2,0,1,0,2,0,1
javaparser-symbol-solver-testing,com.github.javaparser.resolution.declarations,ResolvedTypeParameterDeclaration.Bound,92,21,18,0,14,7,14,4,5,4
javaparser-symbol-solver-testing,com.github.javaparser.resolution.declarations,ResolvedAnnotationDeclaration,0,4,0,0,0,2,0,2,0,2
javaparser-symbol-solver-testing,com.github.javaparser.resolution.declarations,ResolvedFieldDeclaration,0,4,0,0,0,2,0,2,0,2
javaparser-symbol-solver-testing,com.github.javaparser.resolution.declarations,ResolvedReferenceTypeDeclaration,34,340,12,32,7,53,11,44,2,31
javaparser-symbol-solver-testing,com.github.javaparser.symbolsolver.reflectionmodel.comparators,MethodComparator,4,59,2,8,1,10,2,5,0,2
javaparser-symbol-solver-testing,com.github.javaparser.symbolsolver.reflectionmodel.comparators,ClassComparator,8,47,4,6,0,12,4,3,0,2
javaparser-symbol-solver-testing,com.github.javaparser.symbolsolver.reflectionmodel.comparators,ParameterComparator,2,26,1,3,0,6,1,3,0,2
javaparser-symbol-solver-testing,com.github.javaparser.ast.stmt,ThrowStmt,63,44,6,2,19,15,13,5,9,5
javaparser-symbol-solver-testing,com.github.javaparser.ast.stmt,ForEachStmt,138,108,18,6,32,34,23,10,11,10
javaparser-symbol-solver-testing,com.github.javaparser.ast.stmt,TryStmt,231,139,37,9,53,43,33,13,11,12
javaparser-symbol-solver-testing,com.github.javaparser.ast.stmt,SwitchEntry.Type,0,44,0,0,0,2,0,1,0,1
javaparser-symbol-solver-testing,com.github.javaparser.ast.stmt,ContinueStmt,95,44,13,3,29,15,19,6,12,5
javaparser-symbol-solver-testing,com.github.javaparser.ast.stmt,LabeledStmt,94,75,10,4,26,24,17,7,10,7
javaparser-symbol-solver-testing,com.github.javaparser.ast.stmt,SwitchStmt,126,83,18,4,31,26,20,9,9,9
javaparser-symbol-solver-testing,com.github.javaparser.ast.stmt,YieldStmt,107,0,8,0,34,0,18,0,14,0
javaparser-symbol-solver-testing,com.github.javaparser.ast.stmt,ForStmt,223,139,37,9,51,43,32,13,10,12
javaparser-symbol-solver-testing,com.github.javaparser.ast.stmt,SynchronizedStmt,160,0,14,0,48,0,23,0,16,0
javaparser-symbol-solver-testing,com.github.javaparser.ast.stmt,SwitchEntry,156,100,25,5,33,31,21,9,6,9
javaparser-symbol-solver-testing,com.github.javaparser.ast.stmt,AssertStmt,190,0,22,0,58,0,30,0,19,0
javaparser-symbol-solver-testing,com.github.javaparser.ast.stmt,DoStmt,85,75,10,4,24,24,16,7,9,7
javaparser-symbol-solver-testing,com.github.javaparser.ast.stmt,IfStmt,148,108,23,7,40,34,28,11,14,10
javaparser-symbol-solver-testing,com.github.javaparser.ast.stmt,LocalClassDeclarationStmt,63,44,6,2,19,15,13,5,9,5
javaparser-symbol-solver-testing,com.github.javaparser.ast.stmt,BreakStmt,95,44,13,3,29,15,19,6,12,5
javaparser-symbol-solver-testing,com.github.javaparser.ast.stmt,CatchClause,91,75,10,4,21,24,13,7,6,7
javaparser-symbol-solver-testing,com.github.javaparser.ast.stmt,WhileStmt,85,75,10,4,24,24,16,7,9,7
javaparser-symbol-solver-testing,com.github.javaparser.ast.stmt,ExpressionStmt,56,51,6,2,17,17,11,7,7,7
javaparser-symbol-solver-testing,com.github.javaparser.ast.stmt,LocalRecordDeclarationStmt,107,0,8,0,34,0,18,0,14,0
javaparser-symbol-solver-testing,com.github.javaparser.ast.stmt,EmptyStmt,28,13,0,0,9,6,7,3,7,3
javaparser-symbol-solver-testing,com.github.javaparser.ast.stmt,BlockStmt,92,58,14,2,23,19,15,8,7,8
javaparser-symbol-solver-testing,com.github.javaparser.ast.stmt,ReturnStmt,88,51,13,3,27,17,17,8,10,7
javaparser-symbol-solver-testing,com.github.javaparser.ast.stmt,UnparsableStmt,43,0,0,0,16,0,11,0,11,0
javaparser-symbol-solver-testing,com.github.javaparser.ast.stmt,ExplicitConstructorInvocationStmt,228,124,38,8,54,37,32,15,11,13
javaparser-symbol-solver-testing,com.github.javaparser.ast.stmt,Statement,520,6,0,0,92,3,91,1,91,1
javaparser-symbol-solver-testing,com.github.javaparser.ast.validator,VisitorValidator,0,8,0,0,0,3,0,2,0,2
javaparser-symbol-solver-testing,com.github.javaparser.ast.validator,ProblemReporter,0,28,0,0,0,7,0,3,0,3
javaparser-symbol-solver-testing,com.github.javaparser.ast.validator,ReservedKeywordValidator,14,38,2,2,2,10,2,3,0,3
javaparser-symbol-solver-testing,com.github.javaparser.ast.validator,SingleNodeTypeValidator,0,38,0,2,0,8,0,4,0,3
javaparser-symbol-solver-testing,com.github.javaparser.ast.validator,SimpleValidator,0,16,0,2,0,5,0,3,0,2
javaparser-symbol-solver-testing,com.github.javaparser.ast.validator,Validators,8,50,1,1,2,13,2,6,1,6
javaparser-symbol-solver-testing,com.github.javaparser.ast.validator,TypedValidator.new Processor() {...},29,0,0,0,3,0,4,0,4,0
javaparser-symbol-solver-testing,com.github.javaparser.ast.validator,RecordAsTypeIdentifierNotAllowed,40,26,10,2,6,9,7,3,1,3
javaparser-symbol-solver-testing,com.github.javaparser.ast.validator,TreeVisitorValidator,0,28,0,2,0,8,0,3,0,2
javaparser-symbol-solver-testing,com.github.javaparser.ast.validator,TypedValidator,5,0,0,0,1,0,1,0,1,0
javaparser-symbol-solver-testing,com.github.javaparser.ast.expr,ArrayAccessExpr,80,80,10,4,23,25,15,8,8,8
javaparser-symbol-solver-testing,com.github.javaparser.ast.expr,ArrayCreationExpr,227,111,29,7,50,34,31,11,14,10
javaparser-symbol-solver-testing,com.github.javaparser.ast.expr,ConditionalExpr,112,111,18,6,29,34,21,10,9,10
javaparser-symbol-solver-testing,com.github.javaparser.ast.expr,TextBlockLiteralExpr,196,0,16,0,34,0,31,0,23,0
javaparser-symbol-solver-testing,com.github.javaparser.ast.expr,ObjectCreationExpr,327,170,62,12,73,50,46,19,11,17
javaparser-symbol-solver-testing,com.github.javaparser.ast.expr,SwitchExpr,209,0,22,0,57,0,29,0,18,0
javaparser-symbol-solver-testing,com.github.javaparser.ast.expr,ThisExpr,87,56,13,3,27,17,18,8,11,7
javaparser-symbol-solver-testing,com.github.javaparser.ast.expr,LambdaExpr,178,117,19,7,39,36,23,15,12,13
javaparser-symbol-solver-testing,com.github.javaparser.ast.expr,MethodReferenceExpr,144,99,24,4,37,30,22,13,8,13
javaparser-symbol-solver-testing,com.github.javaparser.ast.expr,MemberValuePair,83,75,10,4,21,24,13,7,6,7
javaparser-symbol-solver-testing,com.github.javaparser.ast.expr,LiteralExpr,25,6,0,0,9,3,7,1,7,1
javaparser-symbol-solver-testing,com.github.javaparser.ast.expr,SimpleName,10,56,1,1,2,19,2,9,1,9
javaparser-symbol-solver-testing,com.github.javaparser.ast.expr,SuperExpr,87,49,13,3,27,16,18,7,11,6
javaparser-symbol-solver-testing,com.github.javaparser.ast.expr,MethodCallExpr,310,193,51,19,63,55,46,23,16,18
javaparser-symbol-solver-testing,com.github.javaparser.ast.expr,BooleanLiteralExpr,20,56,0,2,6,19,4,11,4,10
javaparser-symbol-solver-testing,com.github.javaparser.ast.expr,Expression,845,134,4,20,142,35,145,31,141,23
javaparser-symbol-solver-testing,com.github.javaparser.ast.expr,BinaryExpr.Operator,40,224,12,0,13,24,12,3,1,3
javaparser-symbol-solver-testing,com.github.javaparser.ast.expr,LongLiteralExpr,127,25,20,0,28,8,21,5,11,5
javaparser-symbol-solver-testing,com.github.javaparser.ast.expr,FieldAccessExpr,163,132,31,7,37,39,27,15,9,14
javaparser-symbol-solver-testing,com.github.javaparser.ast.expr,CharLiteralExpr,54,19,0,0,16,7,11,4,11,4
javaparser-symbol-solver-testing,com.github.javaparser.ast.expr,NormalAnnotationExpr,131,45,14,2,31,15,20,5,12,5
javaparser-symbol-solver-testing,com.github.javaparser.ast.expr,IntegerLiteralExpr,101,25,16,0,23,9,18,5,10,5
javaparser-symbol-solver-testing,com.github.javaparser.ast.expr,EnclosedExpr,54,57,6,2,16,19,10,9,6,9
javaparser-symbol-solver-testing,com.github.javaparser.ast.expr,Name,97,94,16,6,26,26,19,11,10,9
javaparser-symbol-solver-testing,com.github.javaparser.ast.expr,SingleMemberAnnotationExpr,67,45,6,2,19,15,13,5,9,5
javaparser-symbol-solver-testing,com.github.javaparser.ast.expr,CastExpr,75,85,9,5,22,26,14,9,8,8
javaparser-symbol-solver-testing,com.github.javaparser.ast.expr,UnaryExpr.Operator,10,114,2,0,2,14,3,3,2,3
javaparser-symbol-solver-testing,com.github.javaparser.ast.expr,DoubleLiteralExpr,50,19,0,0,16,7,10,4,10,4
javaparser-symbol-solver-testing,com.github.javaparser.ast.expr,PatternExpr,137,119,22,6,35,35,23,10,9,10
javaparser-symbol-solver-testing,com.github.javaparser.ast.expr,TypeExpr,56,51,6,2,17,17,11,7,7,7
javaparser-symbol-solver-testing,com.github.javaparser.ast.expr,VariableDeclarationExpr,323,113,34,6,57,35,36,11,16,11
javaparser-symbol-solver-testing,com.github.javaparser.ast.expr,ClassExpr,58,49,6,2,18,16,12,6,8,6
javaparser-symbol-solver-testing,com.github.javaparser.ast.expr,LiteralStringValueExpr,28,31,1,1,10,10,8,3,7,3
javaparser-symbol-solver-testing,com.github.javaparser.ast.expr,NameExpr,46,88,6,2,13,25,8,12,4,12
javaparser-symbol-solver-testing,com.github.javaparser.ast.expr,StringLiteralExpr,38,27,0,0,12,10,8,6,8,6
javaparser-symbol-solver-testing,com.github.javaparser.ast.expr,AnnotationExpr,60,44,6,2,19,13,13,4,9,4
javaparser-symbol-solver-testing,com.github.javaparser.ast.expr,ArrayInitializerExpr,106,44,14,2,27,15,18,5,10,5
javaparser-symbol-solver-testing,com.github.javaparser.ast.expr,BinaryExpr,80,109,11,5,22,34,14,12,6,12
javaparser-symbol-solver-testing,com.github.javaparser.ast.expr,UnaryExpr,65,82,9,3,18,26,13,11,7,11
javaparser-symbol-solver-testing,com.github.javaparser.ast.expr,MarkerAnnotationExpr,37,19,0,0,12,7,8,4,8,4
javaparser-symbol-solver-testing,com.github.javaparser.ast.expr,AssignExpr.Operator,40,147,12,0,13,17,12,3,1,3
javaparser-symbol-solver-testing,com.github.javaparser.ast.expr,NullLiteralExpr,23,18,0,0,8,7,6,4,6,4
javaparser-symbol-solver-testing,com.github.javaparser.ast.expr,InstanceOfExpr,144,110,23,7,40,35,25,12,11,11
javaparser-symbol-solver-testing,com.github.javaparser.ast.expr,AssignExpr,84,107,11,5,24,33,16,11,8,11
javaparser-symbol-solver-testing,com.github.javaparser.symbolsolver.resolution.promotion,ConditionalExprResolver,3,41,1,11,1,7,2,7,1,2
javaparser-symbol-solver-testing,com.github.javaparser.symbolsolver.resolution.promotion,ReferenceConditionalExprHandler,0,41,0,4,0,9,0,4,0,2
javaparser-symbol-solver-testing,com.github.javaparser.symbolsolver.resolution.promotion,NumericConditionalExprHandler,25,358,18,64,3,51,17,35,0,11
javaparser-symbol-solver-testing,com.github.javaparser.symbolsolver.resolution.promotion,BooleanConditionalExprHandler,2,29,2,4,0,7,2,3,0,2
javaparser-symbol-solver-testing,com.github.javaparser.resolution.types.parametrization,ResolvedTypeParameterValueProvider,0,56,0,14,0,13,0,8,0,1
javaparser-symbol-solver-testing,com.github.javaparser.resolution.types.parametrization,ResolvedTypeParametersMap,6,152,4,10,3,28,4,15,0,12
javaparser-symbol-solver-testing,com.github.javaparser.resolution.types.parametrization,ResolvedTypeParametersMap.Builder,0,60,0,0,0,15,0,4,0,4
javaparser-symbol-solver-testing,com.github.javaparser.symbolsolver.reflectionmodel,ReflectionConstructorDeclaration,67,73,9,3,7,14,10,6,4,6
javaparser-symbol-solver-testing,com.github.javaparser.symbolsolver.reflectionmodel,ReflectionTypeParameter,54,124,10,12,12,26,10,13,3,9
javaparser-symbol-solver-testing,com.github.javaparser.symbolsolver.reflectionmodel,ReflectionMethodDeclaration,27,179,5,11,7,27,9,19,4,16
javaparser-symbol-solver-testing,com.github.javaparser.symbolsolver.reflectionmodel,ReflectionInterfaceDeclaration,221,250,36,20,46,54,31,28,10,21
javaparser-symbol-solver-testing,com.github.javaparser.symbolsolver.reflectionmodel,ReflectionEnumConstantDeclaration,5,32,1,1,1,9,1,3,0,3
javaparser-symbol-solver-testing,com.github.javaparser.symbolsolver.reflectionmodel,ReflectionParameterDeclaration,110,30,18,0,14,10,16,4,7,4
javaparser-symbol-solver-testing,com.github.javaparser.symbolsolver.reflectionmodel,ReflectionEnumDeclaration,174,127,15,9,37,30,23,13,11,13
javaparser-symbol-solver-testing,com.github.javaparser.symbolsolver.reflectionmodel,ReflectionClassAdapter,83,492,20,46,22,78,15,39,3,18
javaparser-symbol-solver-testing,com.github.javaparser.symbolsolver.reflectionmodel,ReflectionMethodResolutionLogic,11,396,12,46,1,70,11,26,1,7
javaparser-symbol-solver-testing,com.github.javaparser.symbolsolver.reflectionmodel,ReflectionFactory,38,234,9,39,7,51,10,20,1,5
javaparser-symbol-solver-testing,com.github.javaparser.symbolsolver.reflectionmodel,ReflectionPatternDeclaration,36,0,2,0,12,0,9,0,8,0
javaparser-symbol-solver-testing,com.github.javaparser.symbolsolver.reflectionmodel,ReflectionAnnotationDeclaration,165,125,13,5,33,26,16,17,8,16
javaparser-symbol-solver-testing,com.github.javaparser.symbolsolver.reflectionmodel,ReflectionClassDeclaration,98,599,27,57,19,120,29,60,6,41
javaparser-symbol-solver-testing,com.github.javaparser.symbolsolver.reflectionmodel,ReflectionAnnotationMemberDeclaration,92,81,4,2,5,19,9,5,6,5
javaparser-symbol-solver-testing,com.github.javaparser.symbolsolver.reflectionmodel,ReflectionFieldDeclaration,11,65,0,0,4,17,4,9,4,9
javaparser-symbol-solver-testing,com.github.javaparser.ast.validator.language_level_validations.chunks,NoUnderscoresInIntegerLiteralsValidator,28,3,2,0,9,1,4,1,3,1
javaparser-symbol-solver-testing,com.github.javaparser.ast.validator.language_level_validations.chunks,UnderscoreKeywordValidator,6,28,1,1,1,9,1,4,0,4
javaparser-symbol-solver-testing,com.github.javaparser.ast.validator.language_level_validations.chunks,RecordDeclarationValidator,100,3,8,0,18,1,12,1,8,1
javaparser-symbol-solver-testing,com.github.javaparser.ast.validator.language_level_validations.chunks,NoBinaryIntegerLiteralsValidator,29,3,2,0,9,1,4,1,3,1
javaparser-symbol-solver-testing,com.github.javaparser.ast.validator.language_level_validations.chunks,VarValidator,72,124,15,19,14,34,14,11,1,7
javaparser-symbol-solver-testing,com.github.javaparser.ast.validator.language_level_validations.chunks,CommonValidators,57,124,6,22,5,19,8,15,2,7
javaparser-symbol-solver-testing,com.github.javaparser.ast.validator.language_level_validations.chunks,ModifierValidator,84,802,10,42,14,93,10,37,1,20
javaparser-symbol-solver-testing,com.github.javaparser.printer.configuration,Indentation,36,46,0,2,10,14,5,5,5,4
javaparser-symbol-solver-testing,com.github.javaparser.printer.configuration,Indentation.IndentType,6,54,0,0,2,8,2,2,2,2
javaparser-symbol-solver-testing,com.github.javaparser.printer.configuration,DefaultPrinterConfiguration.ConfigOption,18,158,1,1,1,20,1,3,0,3
javaparser-symbol-solver-testing,com.github.javaparser.printer.configuration,DefaultPrinterConfiguration,19,93,0,0,5,6,3,4,3,4
javaparser-symbol-solver-testing,com.github.javaparser.printer.configuration,DefaultConfigurationOption,60,85,6,8,5,22,7,11,1,10
javaparser-symbol-solver-testing,com.github.javaparser.printer.configuration,PrettyPrinterConfiguration,294,69,14,2,41,10,35,7,27,7
javaparser-symbol-solver-testing,com.github.javaparser.printer,ConcreteSyntaxModel,4812,0,10,0,119,0,18,0,13,0
javaparser-symbol-solver-testing,com.github.javaparser.printer,PrettyPrintVisitor,4899,388,443,37,1125,100,350,26,120,16
javaparser-symbol-solver-testing,com.github.javaparser.printer,YamlPrinter,326,0,22,0,41,0,17,0,6,0
javaparser-symbol-solver-testing,com.github.javaparser.printer,DotPrinter,332,0,18,0,43,0,14,0,5,0
javaparser-symbol-solver-testing,com.github.javaparser.printer,DefaultPrettyPrinter,8,47,0,0,3,13,2,7,2,7
javaparser-symbol-solver-testing,com.github.javaparser.printer,SourcePrinter,215,189,22,4,44,42,21,12,8,11
javaparser-symbol-solver-testing,com.github.javaparser.printer,DefaultPrettyPrinterVisitor,3185,2162,316,164,717,522,265,111,73,63
javaparser-symbol-solver-testing,com.github.javaparser.printer,PrettyPrinter,22,29,2,0,7,9,4,3,3,3
javaparser-symbol-solver-testing,com.github.javaparser.printer,XmlPrinter,229,0,16,0,41,0,14,0,6,0
javaparser-symbol-solver-testing,com.github.javaparser.symbolsolver.javaparsermodel.declarators,PatternSymbolDeclarator,20,0,0,0,5,0,2,0,2,0
javaparser-symbol-solver-testing,com.github.javaparser.symbolsolver.javaparsermodel.declarators,NoSymbolDeclarator,0,7,0,0,0,3,0,2,0,2
javaparser-symbol-solver-testing,com.github.javaparser.symbolsolver.javaparsermodel.declarators,FieldSymbolDeclarator,32,0,2,0,7,0,3,0,2,0
javaparser-symbol-solver-testing,com.github.javaparser.symbolsolver.javaparsermodel.declarators,VariableSymbolDeclarator,4,38,1,1,1,11,1,4,0,4
javaparser-symbol-solver-testing,com.github.javaparser.symbolsolver.javaparsermodel.declarators,ParameterSymbolDeclarator,0,20,0,0,0,5,0,2,0,2
javaparser-symbol-solver-testing,com.github.javaparser.symbolsolver.javaparsermodel.declarators,AbstractSymbolDeclarator,0,9,0,0,0,4,0,1,0,1
javaparser-symbol-solver-testing,com.github.javaparser.symbolsolver.javaparsermodel,DefaultVisitorAdapter,700,3,0,0,100,1,100,1,100,1
javaparser-symbol-solver-testing,com.github.javaparser.symbolsolver.javaparsermodel,JavaParserFactory,32,418,9,85,6,84,10,40,1,2
javaparser-symbol-solver-testing,com.github.javaparser.symbolsolver.javaparsermodel,JavaParserFacade.new DataKey() {...},0,3,0,0,0,1,0,1,0,1
javaparser-symbol-solver-testing,com.github.javaparser.symbolsolver.javaparsermodel,JavaParserFacade.new DataKey() {...},0,3,0,0,0,1,0,1,0,1
javaparser-symbol-solver-testing,com.github.javaparser.symbolsolver.javaparsermodel,JavaParserFacade,205,1111,46,124,39,227,49,86,9,41
javaparser-symbol-solver-testing,com.github.javaparser.symbolsolver.javaparsermodel,FailureHandler,42,50,10,4,8,13,8,7,1,7
javaparser-symbol-solver-testing,com.github.javaparser.symbolsolver.javaparsermodel,TypeExtractor,290,1060,50,84,43,215,54,66,13,38
javaparser-symbol-solver-testing,com.github.javaparser.printer.configuration.imports,EclipseImportOrderingStrategy,151,0,14,0,35,0,11,0,4,0
javaparser-symbol-solver-testing,com.github.javaparser.printer.configuration.imports,IntelliJImportOrderingStrategy,95,0,10,0,23,0,9,0,4,0
javaparser-symbol-solver-testing,com.github.javaparser.printer.configuration.imports,DefaultImportOrderingStrategy,34,0,4,0,10,0,7,0,5,0
javaparser-symbol-solver-testing,com.github.javaparser.javadoc,Javadoc,250,0,22,0,48,0,25,0,14,0
javaparser-symbol-solver-testing,com.github.javaparser.javadoc,JavadocBlockTag.Type,182,0,10,0,22,0,9,0,4,0
javaparser-symbol-solver-testing,com.github.javaparser.javadoc,JavadocBlockTag,196,0,14,0,40,0,19,0,12,0
javaparser-symbol-solver-testing,com.github.javaparser.ast.observer,AstObserverAdapter,3,4,0,0,3,2,3,2,3,2
javaparser-symbol-solver-testing,com.github.javaparser.ast.observer,ObservableProperty.Type,0,63,0,0,0,6,0,2,0,2
javaparser-symbol-solver-testing,com.github.javaparser.ast.observer,PropagatingAstObserver.new PropagatingAstObserver() {...},29,0,0,0,7,0,4,0,4,0
javaparser-symbol-solver-testing,com.github.javaparser.ast.observer,AstObserver.ListChangeType,24,0,0,0,2,0,1,0,1,0
javaparser-symbol-solver-testing,com.github.javaparser.ast.observer,PropagatingAstObserver,97,0,16,0,33,0,19,0,11,0
javaparser-symbol-solver-testing,com.github.javaparser.ast.observer,ObservableProperty,340,1118,30,0,58,109,33,4,18,4
javaparser-symbol-solver-testing,com.github.javaparser.symbolsolver.javassistmodel,JavassistTypeDeclarationAdapter,49,369,7,27,17,70,5,33,0,21
javaparser-symbol-solver-testing,com.github.javaparser.symbolsolver.javassistmodel,JavassistFactory,84,41,16,8,20,10,11,5,2,2
javaparser-symbol-solver-testing,com.github.javaparser.symbolsolver.javassistmodel,JavassistConstructorDeclaration,9,74,0,0,2,16,2,11,2,11
javaparser-symbol-solver-testing,com.github.javaparser.symbolsolver.javassistmodel,JavassistEnumDeclaration,181,206,6,12,23,35,26,18,20,15
javaparser-symbol-solver-testing,com.github.javaparser.symbolsolver.javassistmodel,JavassistParameterDeclaration,31,37,0,2,3,13,2,9,2,8
javaparser-symbol-solver-testing,com.github.javaparser.symbolsolver.javassistmodel,JavassistClassDeclaration,65,377,14,32,11,74,18,45,4,36
javaparser-symbol-solver-testing,com.github.javaparser.symbolsolver.javassistmodel,JavassistFieldDeclaration,22,46,0,2,7,12,5,6,5,5
javaparser-symbol-solver-testing,com.github.javaparser.symbolsolver.javassistmodel,JavassistEnumConstantDeclaration,17,62,3,3,3,12,3,4,0,4
javaparser-symbol-solver-testing,com.github.javaparser.symbolsolver.javassistmodel,JavassistAnnotationDeclaration,44,122,2,4,8,24,6,16,4,15
javaparser-symbol-solver-testing,com.github.javaparser.symbolsolver.javassistmodel,JavassistTypeParameter,43,140,8,12,10,27,10,11,3,8
javaparser-symbol-solver-testing,com.github.javaparser.symbolsolver.javassistmodel,JavassistMethodDeclaration,54,64,4,0,9,15,11,11,9,11
javaparser-symbol-solver-testing,com.github.javaparser.symbolsolver.javassistmodel,JavassistInterfaceDeclaration,76,237,4,10,12,41,13,24,9,21
javaparser-symbol-solver-testing,com.github.javaparser.symbolsolver.javassistmodel,JavassistUtils,57,504,17,67,8,93,18,42,2,16
javaparser-symbol-solver-testing,com.github.javaparser.symbolsolver.javassistmodel,JavassistMethodLikeDeclarationAdapter,53,163,5,15,6,35,5,13,0,8
javaparser-symbol-solver-testing,com.github.javaparser.symbolsolver.javassistmodel,JavassistAnnotationMemberDeclaration,83,107,3,3,4,24,8,6,5,6
javaparser-symbol-solver-testing,com.github.javaparser.ast.visitor,GenericVisitorWithDefaults,507,0,0,0,103,0,103,0,103,0
javaparser-symbol-solver-testing,com.github.javaparser.ast.visitor,EqualsVisitor,3635,560,643,79,801,119,422,48,82,27
javaparser-symbol-solver-testing,com.github.javaparser.ast.visitor,ObjectIdentityHashCodeVisitor,415,0,0,0,103,0,103,0,103,0
javaparser-symbol-solver-testing,com.github.javaparser.ast.visitor,NoCommentHashCodeVisitor,2509,0,88,0,107,0,147,0,103,0
javaparser-symbol-solver-testing,com.github.javaparser.ast.visitor,ModifierVisitor,5088,0,196,0,876,0,328,0,230,0
javaparser-symbol-solver-testing,com.github.javaparser.ast.visitor,HashCodeVisitor,3233,1083,224,62,68,38,200,45,68,34
javaparser-symbol-solver-testing,com.github.javaparser.ast.visitor,NoCommentEqualsVisitor,3095,0,502,0,696,0,359,0,108,0
javaparser-symbol-solver-testing,com.github.javaparser.ast.visitor,VoidVisitorWithDefaults,505,0,0,0,203,0,103,0,103,0
javaparser-symbol-solver-testing,com.github.javaparser.ast.visitor,ObjectIdentityEqualsVisitor,815,0,200,0,103,0,203,0,103,0
javaparser-symbol-solver-testing,com.github.javaparser.ast.visitor,TreeVisitor,93,0,6,0,24,0,9,0,6,0
javaparser-symbol-solver-testing,com.github.javaparser.ast.visitor,CloneVisitor,5059,391,5,11,766,69,99,15,94,12
javaparser-symbol-solver-testing,com.github.javaparser.ast.visitor,GenericVisitorAdapter,4141,0,894,0,1175,0,548,0,101,0
javaparser-symbol-solver-testing,com.github.javaparser.ast.visitor,VoidVisitorAdapter,779,2279,2,0,48,368,123,209,122,209
javaparser-symbol-solver-testing,com.github.javaparser.ast.visitor,GenericListVisitorAdapter,5470,0,890,0,1269,0,547,0,102,0
javaparser-symbol-solver-testing,com.github.javaparser.ast.modules,ModuleExportsDirective,147,75,18,4,39,24,26,7,15,7
javaparser-symbol-solver-testing,com.github.javaparser.ast.modules,ModuleDirective,214,6,0,0,44,3,43,1,43,1
javaparser-symbol-solver-testing,com.github.javaparser.ast.modules,ModuleDeclaration,216,116,29,7,46,36,28,10,10,10
javaparser-symbol-solver-testing,com.github.javaparser.ast.modules,ModuleOpensDirective,139,75,18,4,37,24,25,7,14,7
javaparser-symbol-solver-testing,com.github.javaparser.ast.modules,ModuleRequiresDirective,153,75,18,4,40,24,28,7,17,7
javaparser-symbol-solver-testing,com.github.javaparser.ast.modules,ModuleProvidesDirective,139,75,18,4,37,24,25,7,14,7
javaparser-symbol-solver-testing,com.github.javaparser.ast.modules,ModuleUsesDirective,105,44,10,2,33,15,20,5,14,5
javaparser-symbol-solver-testing,com.github.javaparser.ast.nodeTypes.modifiers,NodeWithProtectedModifier,9,0,0,0,2,0,2,0,2,0
javaparser-symbol-solver-testing,com.github.javaparser.ast.nodeTypes.modifiers,NodeWithAbstractModifier,5,4,0,0,1,1,1,1,1,1
javaparser-symbol-solver-testing,com.github.javaparser.ast.nodeTypes.modifiers,NodeWithPrivateModifier,9,0,0,0,2,0,2,0,2,0
javaparser-symbol-solver-testing,com.github.javaparser.ast.nodeTypes.modifiers,NodeWithPublicModifier,9,0,0,0,2,0,2,0,2,0
javaparser-symbol-solver-testing,com.github.javaparser.ast.nodeTypes.modifiers,NodeWithStaticModifier,5,4,0,0,1,1,1,1,1,1
javaparser-symbol-solver-testing,com.github.javaparser.ast.nodeTypes.modifiers,NodeWithFinalModifier,9,0,0,0,2,0,2,0,2,0
javaparser-symbol-solver-testing,com.github.javaparser.ast.nodeTypes.modifiers,NodeWithStrictfpModifier,9,0,0,0,2,0,2,0,2,0
javaparser-symbol-solver-testing,com.github.javaparser.resolution.logic,FunctionalInterfaceLogic,3,175,8,20,2,40,8,18,0,12
javaparser-symbol-solver-testing,com.github.javaparser.resolution.logic,ConstructorResolutionLogic,123,388,38,70,24,88,33,30,2,7
javaparser-symbol-solver-testing,com.github.javaparser.resolution.logic,InferenceVariableType,81,211,13,27,11,46,13,22,3,12
javaparser-symbol-solver-testing,com.github.javaparser.resolution.logic,ConfilictingGenericTypesException,15,0,0,0,2,0,1,0,1,0
javaparser-symbol-solver-testing,com.github.javaparser.resolution.logic,InferenceContext,84,550,22,104,10,118,20,55,0,12
javaparser-symbol-solver-testing,com.github.javaparser.resolution.logic,MethodResolutionLogic,274,1643,98,334,53,356,85,163,2,30
javaparser-symbol-solver-testing,com.github.javaparser.symbolsolver.resolution.typeinference,ConstraintFormula,0,3,0,0,0,1,0,1,0,1
javaparser-symbol-solver-testing,com.github.javaparser.symbolsolver.resolution.typeinference,ConstraintFormula.ReductionResult,117,77,5,5,22,18,17,5,12,5
javaparser-symbol-solver-testing,com.github.javaparser.symbolsolver.resolution.typeinference,ExpressionHelper,29,0,2,0,4,0,6,0,5,0
javaparser-symbol-solver-testing,com.github.javaparser.symbolsolver.resolution.typeinference,MethodType,40,0,0,0,12,0,6,0,6,0
javaparser-symbol-solver-testing,com.github.javaparser.symbolsolver.resolution.typeinference,ProperLowerBound,43,34,4,4,6,9,8,2,4,2
javaparser-symbol-solver-testing,com.github.javaparser.symbolsolver.resolution.typeinference,LeastUpperBoundLogic.TypeSubstitution,4,56,2,2,0,13,2,7,0,7
javaparser-symbol-solver-testing,com.github.javaparser.symbolsolver.resolution.typeinference,Bound,62,3,12,0,15,1,15,1,9,1
javaparser-symbol-solver-testing,com.github.javaparser.symbolsolver.resolution.typeinference,BoundSet.VariableDependency,24,0,0,0,7,0,4,0,4,0
javaparser-symbol-solver-testing,com.github.javaparser.symbolsolver.resolution.typeinference,InferenceVariableSubstitution,48,0,0,0,12,0,4,0,4,0
javaparser-symbol-solver-testing,com.github.javaparser.symbolsolver.resolution.typeinference,BoundSet,1804,23,247,1,336,6,173,4,49,4
javaparser-symbol-solver-testing,com.github.javaparser.symbolsolver.resolution.typeinference,InferenceVariable,140,19,19,1,23,7,18,4,8,4
javaparser-symbol-solver-testing,com.github.javaparser.symbolsolver.resolution.typeinference,TypeInference,778,0,112,0,166,0,78,0,22,0
javaparser-symbol-solver-testing,com.github.javaparser.symbolsolver.resolution.typeinference,ControlFlowLogic,145,0,22,0,30,0,22,0,11,0
javaparser-symbol-solver-testing,com.github.javaparser.symbolsolver.resolution.typeinference,ControlFlowLogic.new GenericVisitorAdapter() {...},129,0,16,0,18,0,17,0,9,0
javaparser-symbol-solver-testing,com.github.javaparser.symbolsolver.resolution.typeinference,ControlFlowLogic.new GenericVisitorAdapter() {...},60,0,8,0,11,0,8,0,4,0
javaparser-symbol-solver-testing,com.github.javaparser.symbolsolver.resolution.typeinference,Substitution,74,0,2,0,16,0,6,0,5,0
javaparser-symbol-solver-testing,com.github.javaparser.symbolsolver.resolution.typeinference,TypeInferenceCache,135,0,16,0,25,0,14,0,6,0
javaparser-symbol-solver-testing,com.github.javaparser.symbolsolver.resolution.typeinference,LeastUpperBoundLogic,142,596,33,63,22,106,28,50,1,29
javaparser-symbol-solver-testing,com.github.javaparser.symbolsolver.resolution.typeinference,Instantiation,43,34,4,4,6,9,8,2,4,2
javaparser-symbol-solver-testing,com.github.javaparser.symbolsolver.resolution.typeinference,InstantiationSet,101,0,8,0,21,0,14,0,10,0
javaparser-symbol-solver-testing,com.github.javaparser.symbolsolver.resolution.typeinference,TypeHelper,451,47,88,8,88,13,62,6,17,3
javaparser-symbol-solver-testing,com.github.javaparser.symbolsolver.resolution.typeinference,ProperUpperBound,43,34,4,4,6,9,8,2,4,2
javaparser-symbol-solver-testing,com.github.javaparser.symbolsolver.resolution.typeinference,ConstraintFormulaSet,70,0,2,0,19,0,7,0,6,0
javaparser-symbol-solver-testing,com.github.javaparser.printer.concretesyntaxmodel,CsmToken,212,0,36,0,44,0,30,0,12,0
javaparser-symbol-solver-testing,com.github.javaparser.printer.concretesyntaxmodel,CsmSingleReference,36,0,2,0,9,0,5,0,4,0
javaparser-symbol-solver-testing,com.github.javaparser.printer.concretesyntaxmodel,PrintingHelper,25,0,6,0,8,0,5,0,2,0
javaparser-symbol-solver-testing,com.github.javaparser.printer.concretesyntaxmodel,CsmOrphanCommentsEnding,66,0,10,0,18,0,7,0,2,0
javaparser-symbol-solver-testing,com.github.javaparser.printer.concretesyntaxmodel,CsmElement,189,0,0,0,29,0,29,0,29,0
javaparser-symbol-solver-testing,com.github.javaparser.printer.concretesyntaxmodel,CsmConditional,120,0,12,0,31,0,15,0,9,0
javaparser-symbol-solver-testing,com.github.javaparser.printer.concretesyntaxmodel,CsmNone,4,0,0,0,2,0,2,0,2,0
javaparser-symbol-solver-testing,com.github.javaparser.printer.concretesyntaxmodel,CsmMix,94,0,16,0,18,0,16,0,8,0
javaparser-symbol-solver-testing,com.github.javaparser.printer.concretesyntaxmodel,CsmConditional.Condition.new CsmConditional.Condition() {...},19,0,4,0,3,0,4,0,2,0
javaparser-symbol-solver-testing,com.github.javaparser.printer.concretesyntaxmodel,CsmConditional.Condition.new CsmConditional.Condition() {...},19,0,4,0,3,0,4,0,2,0
javaparser-symbol-solver-testing,com.github.javaparser.printer.concretesyntaxmodel,CsmConditional.Condition.new CsmConditional.Condition() {...},11,0,0,0,2,0,2,0,2,0
javaparser-symbol-solver-testing,com.github.javaparser.printer.concretesyntaxmodel,CsmConditional.Condition.new CsmConditional.Condition() {...},14,0,2,0,2,0,3,0,2,0
javaparser-symbol-solver-testing,com.github.javaparser.printer.concretesyntaxmodel,CsmAttribute,160,0,16,0,24,0,15,0,5,0
javaparser-symbol-solver-testing,com.github.javaparser.printer.concretesyntaxmodel,CsmList,217,0,42,0,46,0,31,0,10,0
javaparser-symbol-solver-testing,com.github.javaparser.printer.concretesyntaxmodel,CsmSequence,52,0,4,0,11,0,8,0,6,0
javaparser-symbol-solver-testing,com.github.javaparser.printer.concretesyntaxmodel,CsmTextBlock,41,0,0,0,9,0,4,0,4,0
javaparser-symbol-solver-testing,com.github.javaparser.printer.concretesyntaxmodel,CsmChar,41,0,0,0,9,0,4,0,4,0
javaparser-symbol-solver-testing,com.github.javaparser.printer.concretesyntaxmodel,CsmString,41,0,0,0,9,0,4,0,4,0
javaparser-symbol-solver-testing,com.github.javaparser.printer.concretesyntaxmodel,CsmComment,33,0,0,0,8,0,4,0,4,0
javaparser-symbol-solver-testing,com.github.javaparser.printer.concretesyntaxmodel,CsmIndent,12,0,0,0,5,0,4,0,4,0
javaparser-symbol-solver-testing,com.github.javaparser.printer.concretesyntaxmodel,CsmConditional.Condition,44,0,0,0,5,0,1,0,1,0
javaparser-symbol-solver-testing,com.github.javaparser.printer.concretesyntaxmodel,CsmUnindent,12,0,0,0,5,0,4,0,4,0
javaparser-symbol-solver-testing,com.github.javaparser.ast.comments,BlockComment,33,19,0,0,12,7,9,4,9,4
javaparser-symbol-solver-testing,com.github.javaparser.ast.comments,CommentsCollection,159,38,14,0,18,10,23,5,16,5
javaparser-symbol-solver-testing,com.github.javaparser.ast.comments,JavadocComment,37,19,0,0,13,7,10,4,10,4
javaparser-symbol-solver-testing,com.github.javaparser.ast.comments,Comment,142,84,9,9,28,25,25,9,18,7
javaparser-symbol-solver-testing,com.github.javaparser.ast.comments,LineComment,29,23,0,0,10,9,7,6,7,6
javaparser-symbol-solver-testing,com.github.javaparser.ast.body,EnumConstantDeclaration,206,114,28,6,44,34,28,10,11,10
javaparser-symbol-solver-testing,com.github.javaparser.ast.body,MethodDeclaration,310,202,35,9,69,44,35,22,17,18
javaparser-symbol-solver-testing,com.github.javaparser.ast.body,CallableDeclaration,431,203,73,15,92,59,58,16,17,13
javaparser-symbol-solver-testing,com.github.javaparser.ast.body,VariableDeclarator,121,154,14,14,30,45,20,16,9,13
javaparser-symbol-solver-testing,com.github.javaparser.ast.body,AnnotationMemberDeclaration,204,147,31,9,48,44,30,14,11,13
javaparser-symbol-solver-testing,com.github.javaparser.ast.body,ConstructorDeclaration,236,115,14,4,42,27,20,14,12,13
javaparser-symbol-solver-testing,com.github.javaparser.ast.body,AnnotationDeclaration,66,26,0,0,13,8,9,5,9,5
javaparser-symbol-solver-testing,com.github.javaparser.ast.body,ReceiverParameter,160,106,22,6,36,33,22,9,8,9
javaparser-symbol-solver-testing,com.github.javaparser.ast.body,VariableDeclarator.new AstObserverAdapter() {...},7,72,4,6,1,14,4,3,0,2
javaparser-symbol-solver-testing,com.github.javaparser.ast.body,TypeDeclaration,226,207,27,9,45,38,30,22,14,20
javaparser-symbol-solver-testing,com.github.javaparser.ast.body,BodyDeclaration,387,48,14,2,72,16,64,6,56,6
javaparser-symbol-solver-testing,com.github.javaparser.ast.body,EnumDeclaration,227,95,24,4,46,27,27,10,13,10
javaparser-symbol-solver-testing,com.github.javaparser.ast.body,CompactConstructorDeclaration,589,0,60,0,138,0,59,0,29,0
javaparser-symbol-solver-testing,com.github.javaparser.ast.body,ClassOrInterfaceDeclaration,211,230,40,10,41,54,29,23,6,21
javaparser-symbol-solver-testing,com.github.javaparser.ast.body,FieldDeclaration,521,90,44,4,76,27,45,10,21,10
javaparser-symbol-solver-testing,com.github.javaparser.ast.body,InitializerDeclaration,68,67,6,4,20,21,14,7,10,6
javaparser-symbol-solver-testing,com.github.javaparser.ast.body,RecordDeclaration,506,0,58,0,113,0,61,0,32,0
javaparser-symbol-solver-testing,com.github.javaparser.ast.body,CallableDeclaration.Signature,87,0,10,0,21,0,12,0,7,0
javaparser-symbol-solver-testing,com.github.javaparser.ast.body,Parameter,261,261,40,18,52,70,34,21,7,19
javaparser-symbol-solver-testing,com.github.javaparser.symbolsolver.resolution.naming,NameRole,0,24,0,0,0,3,0,1,0,1
javaparser-symbol-solver-testing,com.github.javaparser.symbolsolver.resolution.naming,NameLogic,596,2133,249,467,74,360,230,283,25,130
javaparser-symbol-solver-testing,com.github.javaparser.symbolsolver.resolution.naming,NameCategory,18,103,6,0,2,13,5,3,2,3
javaparser-symbol-solver-testing,com.github.javaparser.symbolsolver.declarations.common,MethodDeclarationCommonLogic,18,156,1,19,2,30,4,14,3,5
javaparser-symbol-solver-testing,com.github.javaparser.quality,Preconditions,15,10,2,2,5,4,4,2,2,2
javaparser-symbol-solver-testing,com.github.javaparser.symbolsolver,SourceFileInfoExtractor,363,0,32,0,75,0,35,0,19,0
javaparser-symbol-solver-testing,com.github.javaparser.symbolsolver,SourceFileInfoExtractor.new SimpleFileVisitor() {...},47,0,4,0,8,0,5,0,3,0
javaparser-symbol-solver-testing,com.github.javaparser.symbolsolver,SourceFileInfoExtractor.new SimpleFileVisitor() {...},37,0,4,0,7,0,4,0,2,0
javaparser-symbol-solver-testing,com.github.javaparser.symbolsolver,JavaSymbolSolver.ArrayLengthValueDeclaration,0,9,0,0,0,3,0,3,0,3
javaparser-symbol-solver-testing,com.github.javaparser.symbolsolver,JavaSymbolSolver,200,634,45,89,23,122,44,34,2,9
javaparser-symbol-solver-testing,com.github.javaparser.symbolsolver.logic,AbstractClassDeclaration,0,80,1,5,0,20,1,9,0,7
javaparser-symbol-solver-testing,com.github.javaparser.symbolsolver.logic,AbstractTypeDeclaration,0,145,0,10,0,28,0,8,0,3
javaparser-symbol-solver-testing,com.github.javaparser.javadoc.description,JavadocDescription,183,0,16,0,37,0,20,0,12,0
javaparser-symbol-solver-testing,com.github.javaparser.javadoc.description,JavadocSnippet,56,0,8,0,14,0,9,0,5,0
javaparser-symbol-solver-testing,com.github.javaparser.javadoc.description,JavadocInlineTag,212,0,28,0,33,0,23,0,9,0
javaparser-symbol-solver-testing,com.github.javaparser.javadoc.description,JavadocInlineTag.Type,129,0,4,0,17,0,5,0,3,0
javaparser-symbol-solver-testing,com.github.javaparser.ast,Node.Parsedness,0,24,0,0,0,2,0,1,0,1
javaparser-symbol-solver-testing,com.github.javaparser.ast,Node.PostOrderIterator,132,0,10,0,33,0,10,0,5,0
javaparser-symbol-solver-testing,com.github.javaparser.ast,Modifier.Keyword,0,158,0,0,0,18,0,3,0,3
javaparser-symbol-solver-testing,com.github.javaparser.ast,Node.DirectChildrenIterator,17,0,0,0,5,0,3,0,3,0
javaparser-symbol-solver-testing,com.github.javaparser.ast,NodeList.NodeListIterator,119,53,8,0,23,13,10,6,6,6
javaparser-symbol-solver-testing,com.github.javaparser.ast,Modifier,74,56,1,1,16,17,15,8,14,8
javaparser-symbol-solver-testing,com.github.javaparser.ast,CompilationUnit.Storage,69,56,0,0,17,11,8,7,8,7
javaparser-symbol-solver-testing,com.github.javaparser.ast,AccessSpecifier,3,56,0,0,1,5,1,2,1,2
javaparser-symbol-solver-testing,com.github.javaparser.ast,NodeList,548,224,59,11,112,55,75,32,43,29
javaparser-symbol-solver-testing,com.github.javaparser.ast,Node.ParentsVisitor,22,0,0,0,6,0,3,0,3,0
javaparser-symbol-solver-testing,com.github.javaparser.ast,ArrayCreationLevel,154,85,23,5,35,26,22,8,9,7
javaparser-symbol-solver-testing,com.github.javaparser.ast,Node.PreOrderIterator,0,48,0,4,0,10,0,5,0,3
javaparser-symbol-solver-testing,com.github.javaparser.ast,Node.BreadthFirstIterator,34,0,2,0,8,0,4,0,3,0
javaparser-symbol-solver-testing,com.github.javaparser.ast,CompilationUnit,794,278,108,14,141,62,103,31,45,28
javaparser-symbol-solver-testing,com.github.javaparser.ast,ImportDeclaration,64,96,6,6,16,29,10,11,6,9
javaparser-symbol-solver-testing,com.github.javaparser.ast,Node,487,743,86,78,106,169,88,90,33,60
javaparser-symbol-solver-testing,com.github.javaparser.ast,Node.ObserverRegistrationMode,0,34,0,0,0,4,0,1,0,1
javaparser-symbol-solver-testing,com.github.javaparser.ast,Node.new DataKey() {...},0,3,0,0,0,1,0,1,0,1
javaparser-symbol-solver-testing,com.github.javaparser.ast,Node.new DataKey() {...},0,3,0,0,0,1,0,1,0,1
javaparser-symbol-solver-testing,com.github.javaparser.ast,Node.new DataKey() {...},0,3,0,0,0,1,0,1,0,1
javaparser-symbol-solver-testing,com.github.javaparser.ast,Node.new DataKey() {...},0,3,0,0,0,1,0,1,0,1
javaparser-symbol-solver-testing,com.github.javaparser.ast,DataKey,16,3,4,0,2,1,4,1,2,1
javaparser-symbol-solver-testing,com.github.javaparser.ast,Node.TreeTraversal,0,54,0,0,0,2,0,1,0,1
javaparser-symbol-solver-testing,com.github.javaparser.ast,PackageDeclaration,112,93,18,4,26,28,17,8,6,8
javaparser-symbol-solver-testing,com.github.javaparser.resolution.types,ResolvedTypeVariable,25,131,2,16,4,33,5,21,3,14
javaparser-symbol-solver-testing,com.github.javaparser.resolution.types,ResolvedIntersectionType,114,0,10,0,18,0,13,0,8,0
javaparser-symbol-solver-testing,com.github.javaparser.resolution.types,ResolvedArrayType,6,136,2,16,2,31,3,18,1,11
javaparser-symbol-solver-testing,com.github.javaparser.resolution.types,ResolvedWildcard,64,241,20,44,14,53,17,36,2,19
javaparser-symbol-solver-testing,com.github.javaparser.resolution.types,ResolvedReferenceType,100,1001,32,138,17,171,29,114,1,57
javaparser-symbol-solver-testing,com.github.javaparser.resolution.types,ResolvedPrimitiveType,42,536,8,56,8,62,9,46,4,19
javaparser-symbol-solver-testing,com.github.javaparser.resolution.types,ResolvedType,66,117,3,11,8,21,10,25,7,21
javaparser-symbol-solver-testing,com.github.javaparser.resolution.types,ResolvedLambdaConstraintType,12,34,0,0,1,9,1,7,1,7
javaparser-symbol-solver-testing,com.github.javaparser.resolution.types,ResolvedWildcard.BoundType,0,24,0,0,0,2,0,1,0,1
javaparser-symbol-solver-testing,com.github.javaparser.resolution.types,ResolvedUnionType,71,51,7,1,10,14,9,6,5,6
javaparser-symbol-solver-testing,com.github.javaparser.resolution.types,ResolvedVoidType,2,11,0,0,1,4,1,4,1,4
javaparser-symbol-solver-testing,com.github.javaparser.ast.nodeTypes,NodeWithOptionalScope,3,0,0,0,1,0,1,0,1,0
javaparser-symbol-solver-testing,com.github.javaparser.ast.nodeTypes,NodeWithStatements,93,19,2,0,20,4,12,3,11,3
javaparser-symbol-solver-testing,com.github.javaparser.ast.nodeTypes,NodeWithRange,6,36,2,2,2,5,3,6,1,6
javaparser-symbol-solver-testing,com.github.javaparser.ast.nodeTypes,NodeWithOptionalBlockStmt,10,0,0,0,3,0,1,0,1,0
javaparser-symbol-solver-testing,com.github.javaparser.ast.nodeTypes,NodeWithTypeParameters,30,6,1,1,6,1,5,1,4,1
javaparser-symbol-solver-testing,com.github.javaparser.ast.nodeTypes,NodeWithDeclaration,12,0,0,0,2,0,2,0,2,0
javaparser-symbol-solver-testing,com.github.javaparser.ast.nodeTypes,NodeWithOptionalLabel,19,0,0,0,3,0,3,0,3,0
javaparser-symbol-solver-testing,com.github.javaparser.ast.nodeTypes,NodeWithVariables.new Object() {...},11,18,3,3,3,5,2,3,0,2
javaparser-symbol-solver-testing,com.github.javaparser.ast.nodeTypes,SwitchNode,4,0,0,0,1,0,1,0,1,0
javaparser-symbol-solver-testing,com.github.javaparser.ast.nodeTypes,NodeWithArguments,37,33,2,4,8,6,7,3,5,2
javaparser-symbol-solver-testing,com.github.javaparser.ast.nodeTypes,NodeWithModifiers,111,46,10,10,15,12,11,8,6,2
javaparser-symbol-solver-testing,com.github.javaparser.ast.nodeTypes,NodeWithBody,28,0,0,0,5,0,3,0,3,0
javaparser-symbol-solver-testing,com.github.javaparser.ast.nodeTypes,NodeWithExtends,42,6,0,0,10,1,6,1,6,1
javaparser-symbol-solver-testing,com.github.javaparser.ast.nodeTypes,NodeWithName,8,4,0,0,2,1,1,1,1,1
javaparser-symbol-solver-testing,com.github.javaparser.ast.nodeTypes,NodeWithVariables,77,115,11,9,14,26,11,9,3,7
javaparser-symbol-solver-testing,com.github.javaparser.ast.nodeTypes,NodeWithImplements,42,6,0,0,10,1,6,1,6,1
javaparser-symbol-solver-testing,com.github.javaparser.ast.nodeTypes,NodeWithParameters,135,28,0,0,16,5,16,4,16,4
javaparser-symbol-solver-testing,com.github.javaparser.ast.nodeTypes,NodeWithExpression,5,0,0,0,1,0,1,0,1,0
javaparser-symbol-solver-testing,com.github.javaparser.ast.nodeTypes,NodeWithSimpleName,6,14,0,0,1,3,1,2,1,2
javaparser-symbol-solver-testing,com.github.javaparser.ast.nodeTypes,NodeWithScope,4,0,0,0,1,0,1,0,1,0
javaparser-symbol-solver-testing,com.github.javaparser.ast.nodeTypes,NodeWithMembers,324,153,0,0,47,13,31,22,31,22
javaparser-symbol-solver-testing,com.github.javaparser.ast.nodeTypes,NodeWithTypeArguments,16,14,0,4,3,1,3,3,3,1
javaparser-symbol-solver-testing,com.github.javaparser.ast.nodeTypes,NodeWithAnnotations,138,25,0,0,28,3,15,4,15,4
javaparser-symbol-solver-testing,com.github.javaparser.ast.nodeTypes,NodeWithBlockStmt,10,0,0,0,3,0,1,0,1,0
javaparser-symbol-solver-testing,com.github.javaparser.ast.nodeTypes,NodeWithType,21,0,0,0,5,0,3,0,3,0
javaparser-symbol-solver-testing,com.github.javaparser.ast.nodeTypes,NodeWithIdentifier,7,3,0,0,2,1,1,1,1,1
javaparser-symbol-solver-testing,com.github.javaparser.ast.nodeTypes,NodeWithThrownExceptions,40,0,0,0,7,0,6,0,6,0
javaparser-symbol-solver-testing,com.github.javaparser.ast.nodeTypes,NodeWithJavadoc,69,0,8,0,9,0,14,0,10,0
